
Combo to start at: 0/97/0
Menu:
1) Go home and reset dial
2) Test dial control
3) Measure indents
4) Calibrate handle servo
5) Set starting combos
6) Set indents to test
s) Start cracking

Combo to start at: 0/97/0
Menu:
1) Go home and reset dial
2) Test dial control
3) Measure indents
4) Calibrate handle servo
5) Set starting combos
6) Set indents to test
s) Start cracking
Should be at: 0

Combo to start at: 0/97/0
Menu:
1) Go home and reset dial
2) Test dial control
3) Measure indents
4) Calibrate handle servo
5) Set starting combos
6) Set indents to test
s) Start cracking
How many measurements would you like to take? (Start with 1)1
Test 1 of 1. [Width]/[Depth]
0: [359] / [206]
1: [0] / [0]
2: [0] / [0]
3: [0] / [0]
4: [0] / [0]
5: [0] / [0]
6: [0] / [0]
7: [0] / [0]
8: [0] / [0]
9: [0] / [0]
10: [0] / [0]
11: [0] / [0]
Test 1 of 1. [Width]/[Depth]
0: [359] / [206]
1: [371] / [223]
2: [0] / [0]
3: [0] / [0]
4: [0] / [0]
5: [0] / [0]
6: [0] / [0]
7: [0] / [0]
8: [0] / [0]
9: [0] / [0]
10: [0] / [0]
11: [0] / [0]
Test 1 of 1. [Width]/[Depth]
0: [359] / [206]
1: [371] / [223]
2: [365] / [207]
3: [0] / [0]
4: [0] / [0]
5: [0] / [0]
6: [0] / [0]
7: [0] / [0]
8: [0] / [0]
9: [0] / [0]
10: [0] / [0]
11: [0] / [0]
Test 1 of 1. [Width]/[Depth]
0: [359] / [206]
1: [371] / [223]
2: [365] / [207]
3: [371] / [224]
4: [0] / [0]
5: [0] / [0]
6: [0] / [0]
7: [0] / [0]
8: [0] / [0]
9: [0] / [0]
10: [0] / [0]
11: [0] / [0]
Test 1 of 1. [Width]/[Depth]
0: [359] / [206]
1: [371] / [223]
2: [365] / [207]
3: [371] / [224]
4: [378] / [223]
5: [0] / [0]
6: [0] / [0]
7: [0] / [0]
8: [0] / [0]
9: [0] / [0]
10: [0] / [0]
11: [0] / [0]
Test 1 of 1. [Width]/[Depth]
0: [359] / [206]
1: [371] / [223]
2: [365] / [207]
3: [371] / [224]
4: [378] / [223]
5: [393] / [206]
6: [0] / [0]
7: [0] / [0]
8: [0] / [0]
9: [0] / [0]
10: [0] / [0]
11: [0] / [0]
Test 1 of 1. [Width]/[Depth]
0: [359] / [206]
1: [371] / [223]
2: [365] / [207]
3: [371] / [224]
4: [378] / [223]
5: [393] / [206]
6: [388] / [206]
7: [0] / [0]
8: [0] / [0]
9: [0] / [0]
10: [0] / [0]
11: [0] / [0]
Test 1 of 1. [Width]/[Depth]
0: [359] / [206]
1: [371] / [223]
2: [365] / [207]
3: [371] / [224]
4: [378] / [223]
5: [393] / [206]
6: [388] / [206]
7: [381] / [206]
8: [0] / [0]
9: [0] / [0]
10: [0] / [0]
11: [0] / [0]
Test 1 of 1. [Width]/[Depth]
0: [359] / [206]
1: [371] / [223]
2: [365] / [207]
3: [371] / [224]
4: [378] / [223]
5: [393] / [206]
6: [388] / [206]
7: [381] / [206]
8: [378] / [211]
9: [0] / [0]
10: [0] / [0]
11: [0] / [0]
Test 1 of 1. [Width]/[Depth]
0: [359] / [206]
1: [371] / [223]
2: [365] / [207]
3: [371] / [224]
4: [378] / [223]
5: [393] / [206]
6: [388] / [206]
7: [381] / [206]
8: [378] / [211]
9: [386] / [206]
10: [0] / [0]
11: [0] / [0]
Test 1 of 1. [Width]/[Depth]
0: [359] / [206]
1: [371] / [223]
2: [365] / [207]
3: [371] / [224]
4: [378] / [223]
5: [393] / [206]
6: [388] / [206]
7: [381] / [206]
8: [378] / [211]
9: [386] / [206]
10: [382] / [206]
11: [0] / [0]
Test 1 of 1. [Width]/[Depth]
0: [359] / [206]
1: [371] / [223]
2: [365] / [207]
3: [371] / [224]
4: [378] / [223]
5: [393] / [206]
6: [388] / [206]
7: [381] / [206]
8: [378] / [211]
9: [386] / [206]
10: [382] / [206]
11: [392] / [206]

Measuring complete
Smallest to largest width [Width]/[Depth]
Indent 0: [359] / [206]
Indent 2: [365] / [207]
Indent 1: [371] / [223]
Indent 3: [371] / [224]
Indent 4: [378] / [223]
Indent 8: [378] / [211]
Indent 7: [381] / [206]
Indent 10: [382] / [206]
Indent 9: [386] / [206]
Indent 6: [388] / [206]
Indent 11: [392] / [206]
Indent 5: [393] / [206]
Press key to continue

Combo to start at: 0/97/0
Menu:
1) Go home and reset dial
2) Test dial control
3) Measure indents
4) Calibrate handle servo
5) Set starting combos
6) Set indents to test
s) Start cracking
How many measurements would you like to take? (Start with 1)1
Test 1 of 1. [Width]/[Depth]
0: [366] / [206]
1: [0] / [0]
2: [0] / [0]
3: [0] / [0]
4: [0] / [0]
5: [0] / [0]
6: [0] / [0]
7: [0] / [0]
8: [0] / [0]
9: [0] / [0]
10: [0] / [0]
11: [0] / [0]
Test 1 of 1. [Width]/[Depth]
0: [366] / [206]
1: [375] / [207]
2: [0] / [0]
3: [0] / [0]
4: [0] / [0]
5: [0] / [0]
6: [0] / [0]
7: [0] / [0]
8: [0] / [0]
9: [0] / [0]
10: [0] / [0]
11: [0] / [0]
Test 1 of 1. [Width]/[Depth]
0: [366] / [206]
1: [375] / [207]
2: [375] / [225]
3: [0] / [0]
4: [0] / [0]
5: [0] / [0]
6: [0] / [0]
7: [0] / [0]
8: [0] / [0]
9: [0] / [0]
10: [0] / [0]
11: [0] / [0]
Test 1 of 1. [Width]/[Depth]
0: [366] / [206]
1: [375] / [207]
2: [375] / [225]
3: [395] / [208]
4: [0] / [0]
5: [0] / [0]
6: [0] / [0]
7: [0] / [0]
8: [0] / [0]
9: [0] / [0]
10: [0] / [0]
11: [0] / [0]
Test 1 of 1. [Width]/[Depth]
0: [366] / [206]
1: [375] / [207]
2: [375] / [225]
3: [395] / [208]
4: [394] / [206]
5: [0] / [0]
6: [0] / [0]
7: [0] / [0]
8: [0] / [0]
9: [0] / [0]
10: [0] / [0]
11: [0] / [0]
Test 1 of 1. [Width]/[Depth]
0: [366] / [206]
1: [375] / [207]
2: [375] / [225]
3: [395] / [208]
4: [394] / [206]
5: [409] / [206]
6: [0] / [0]
7: [0] / [0]
8: [0] / [0]
9: [0] / [0]
10: [0] / [0]
11: [0] / [0]
Test 1 of 1. [Width]/[Depth]
0: [366] / [206]
1: [375] / [207]
2: [375] / [225]
3: [395] / [208]
4: [394] / [206]
5: [409] / [206]
6: [401] / [206]
7: [0] / [0]
8: [0] / [0]
9: [0] / [0]
10: [0] / [0]
11: [0] / [0]
Test 1 of 1. [Width]/[Depth]
0: [366] / [206]
1: [375] / [207]
2: [375] / [225]
3: [395] / [208]
4: [394] / [206]
5: [409] / [206]
6: [401] / [206]
7: [396] / [223]
8: [0] / [0]
9: [0] / [0]
10: [0] / [0]
11: [0] / [0]
Test 1 of 1. [Width]/[Depth]
0: [366] / [206]
1: [375] / [207]
2: [375] / [225]
3: [395] / [208]
4: [394] / [206]
5: [409] / [206]
6: [401] / [206]
7: [396] / [223]
8: [388] / [206]
9: [0] / [0]
10: [0] / [0]
11: [0] / [0]
Test 1 of 1. [Width]/[Depth]
0: [366] / [206]
1: [375] / [207]
2: [375] / [225]
3: [395] / [208]
4: [394] / [206]
5: [409] / [206]
6: [401] / [206]
7: [396] / [223]
8: [388] / [206]
9: [395] / [221]
10: [0] / [0]
11: [0] / [0]
Test 1 of 1. [Width]/[Depth]
0: [366] / [206]
1: [375] / [207]
2: [375] / [225]
3: [395] / [208]
4: [394] / [206]
5: [409] / [206]
6: [401] / [206]
7: [396] / [223]
8: [388] / [206]
9: [395] / [221]
10: [393] / [206]
11: [0] / [0]
Test 1 of 1. [Width]/[Depth]
0: [366] / [206]
1: [375] / [207]
2: [375] / [225]
3: [395] / [208]
4: [394] / [206]
5: [409] / [206]
6: [401] / [206]
7: [396] / [223]
8: [388] / [206]
9: [395] / [221]
10: [393] / [206]
11: [392] / [222]

Measuring complete
Smallest to largest width [Width]/[Depth]
Indent 0: [366] / [206]
Indent 1: [375] / [207]
Indent 2: [375] / [225]
Indent 8: [388] / [206]
Indent 11: [392] / [222]
Indent 10: [393] / [206]
Indent 4: [394] / [206]
Indent 3: [395] / [208]
Indent 9: [395] / [221]
Indent 7: [396] / [223]
Indent 6: [401] / [206]
Indent 5: [409] / [206]
Press key to continue

Combo to start at: 0/97/0
Menu:
1) Go home and reset dial
2) Test dial control
3) Measure indents
4) Calibrate handle servo
5) Set starting combos
6) Set indents to test
s) Start cracking
How many measurements would you like to take? (Start with 1)1
Pausing. Press button to continue.Test 1 of 1. [Width]/[Depth]
0: [366] / [223]
1: [0] / [0]
2: [0] / [0]
3: [0] / [0]
4: [0] / [0]
5: [0] / [0]
6: [0] / [0]
7: [0] / [0]
8: [0] / [0]
9: [0] / [0]
10: [0] / [0]
11: [0] / [0]
Pausing. Press button to continue.Safe Cracker

Combo to start at: 0/97/0
Menu:
1) Go home and reset dial
2) Test dial control
3) Measure indents
4) Calibrate handle servo
5) Set starting combos
6) Set indents to test
s) Start cracking
Indents to test:
0: Test
1: Test
2: Test
3: Test
4: Test
5: Test
6: Test
7: Test
8: Test
9: Test
10: Test
11: Test
Which indent to change?
Type 99 to exit
Indents to test:
0: Test
1: -
2: Test
3: Test
4: Test
5: Test
6: Test
7: Test
8: Test
9: Test
10: Test
11: Test
Which indent to change?
Type 99 to exit
Indents to test:
0: Test
1: -
2: -
3: Test
4: Test
5: Test
6: Test
7: Test
8: Test
9: Test
10: Test
11: Test
Which indent to change?
Type 99 to exit
Indents to test:
0: -
1: -
2: -
3: Test
4: Test
5: Test
6: Test
7: Test
8: Test
9: Test
10: Test
11: Test
Which indent to change?
Type 99 to exit
Indents to test:
0: -
1: Test
2: -
3: Test
4: Test
5: Test
6: Test
7: Test
8: Test
9: Test
10: Test
11: Test
Which indent to change?
Type 99 to exit
Indents to test:
0: -
1: Test
2: Test
3: Test
4: Test
5: Test
6: Test
7: Test
8: Test
9: Test
10: Test
11: Test
Which indent to change?
Type 99 to exit
Indents to test:
0: -
1: Test
2: Test
3: -
4: Test
5: Test
6: Test
7: Test
8: Test
9: Test
10: Test
11: Test
Which indent to change?
Type 99 to exit
Indents to test:
0: -
1: Test
2: Test
3: -
4: -
5: Test
6: Test
7: Test
8: Test
9: Test
10: Test
11: Test
Which indent to change?
Type 99 to exit
Indents to test:
0: -
1: Test
2: Test
3: -
4: -
5: -
6: Test
7: Test
8: Test
9: Test
10: Test
11: Test
Which indent to change?
Type 99 to exit
Indents to test:
0: -
1: Test
2: Test
3: -
4: -
5: -
6: -
7: Test
8: Test
9: Test
10: Test
11: Test
Which indent to change?
Type 99 to exit
Indents to test:
0: -
1: Test
2: Test
3: -
4: -
5: -
6: -
7: -
8: Test
9: Test
10: Test
11: Test
Which indent to change?
Type 99 to exit
Indents to test:
0: -
1: Test
2: Test
3: -
4: -
5: -
6: -
7: -
8: Test
9: -
10: Test
11: Test
Which indent to change?
Type 99 to exit
Indents to test:
0: -
1: Test
2: Test
3: -
4: -
5: -
6: -
7: -
8: Test
9: -
10: -
11: Test
Which indent to change?
Type 99 to exit

Combo to start at: 0/97/0
Menu:
1) Go home and reset dial
2) Test dial control
3) Measure indents
4) Calibrate handle servo
5) Set starting combos
6) Set indents to test
s) Start cracking
Should be at: 0

Combo to start at: 0/97/0
Menu:
1) Go home and reset dial
2) Test dial control
3) Measure indents
4) Calibrate handle servo
5) Set starting combos
6) Set indents to test
s) Start cracking
DiscA is at: 0
DiscB is at: 97
DiscC is at: 0
Time, 52472, Combination, 0/97/8, Handle position, 233
Time, 54172, Combination, 0/97/16, Handle position, 237
Time, 56214, Combination, 0/97/66, Handle position, 235
Time, 58048, Combination, 0/97/91, Handle position, 235
Time, 61486, Combination, 0/94/8, Handle position, 233
Time, 63188, Combination, 0/94/16, Handle position, 233
Time, 65235, Combination, 0/94/66, Handle position, 234
Time, 67072, Combination, 0/94/91, Handle position, 225
Time, 71074, Combination, 0/91/8, Handle position, 234
Time, 72773, Combination, 0/91/16, Handle position, 233
Time, 74819, Combination, 0/91/66, Handle position, 232
Time, 76665, Combination, 0/91/91, Handle position, 224
Time, 78495, Combination, 0/88/91, Handle position, 224
Time, 80528, Combination, 0/88/8, Handle position, 224
Time, 82333, Combination, 0/88/16, Handle position, 225
Time, 84442, Combination, 0/88/66, Handle position, 225
Time, 87452, Combination, 0/85/91, Handle position, 225
Time, 89361, Combination, 0/85/8, Handle position, 224
Time, 91065, Combination, 0/85/16, Handle position, 224
Time, 93112, Combination, 0/85/66, Handle position, 223
Time, 96330, Combination, 0/82/91, Handle position, 225
Time, 98142, Combination, 0/82/8, Handle position, 225
Time, 99845, Combination, 0/82/16, Handle position, 225
Time, 101891, Combination, 0/82/66, Handle position, 224
Time, 104966, Combination, 0/79/91, Handle position, 224
Time, 106777, Combination, 0/79/8, Handle position, 223
Time, 108477, Combination, 0/79/16, Handle position, 223
Time, 110520, Combination, 0/79/66, Handle position, 224
Time, 113783, Combination, 0/76/91, Handle position, 224
Time, 115592, Combination, 0/76/8, Handle position, 225
Time, 117289, Combination, 0/76/16, Handle position, 225
Time, 119329, Combination, 0/76/66, Handle position, 222
Time, 122644, Combination, 0/73/91, Handle position, 225
Time, 124451, Combination, 0/73/8, Handle position, 226
Time, 126151, Combination, 0/73/16, Handle position, 226
Time, 128190, Combination, 0/73/66, Handle position, 224
Time, 131553, Combination, 0/70/91, Handle position, 225
Time, 133361, Combination, 0/70/8, Handle position, 224
Time, 135060, Combination, 0/70/16, Handle position, 224
Time, 137101, Combination, 0/70/66, Handle position, 223
Time, 141018, Combination, 0/67/91, Handle position, 224
Time, 142826, Combination, 0/67/8, Handle position, 223
Time, 144524, Combination, 0/67/16, Handle position, 224
Time, 146567, Combination, 0/67/66, Handle position, 224
Time, 150036, Combination, 0/64/66, Handle position, 224
Time, 151866, Combination, 0/64/91, Handle position, 225
Time, 153677, Combination, 0/64/8, Handle position, 223
Time, 155378, Combination, 0/64/16, Handle position, 226
Time, 157995, Combination, 0/61/66, Handle position, 224
Time, 159826, Combination, 0/61/91, Handle position, 225
Time, 161639, Combination, 0/61/8, Handle position, 224
Time, 163339, Combination, 0/61/16, Handle position, 224
Time, 166125, Combination, 0/58/66, Handle position, 227
Time, 167956, Combination, 0/58/91, Handle position, 224
Time, 169859, Combination, 0/58/8, Handle position, 223
Time, 171563, Combination, 0/58/16, Handle position, 224
Time, 174459, Combination, 0/55/66, Handle position, 225
Time, 176290, Combination, 0/55/91, Handle position, 225
Time, 178100, Combination, 0/55/8, Handle position, 224
Time, 179801, Combination, 0/55/16, Handle position, 226
Time, 182680, Combination, 0/52/66, Handle position, 223
Time, 184507, Combination, 0/52/91, Handle position, 225
Time, 186319, Combination, 0/52/8, Handle position, 224
Time, 188022, Combination, 0/52/16, Handle position, 223
Time, 190943, Combination, 0/49/66, Handle position, 225
Time, 192776, Combination, 0/49/91, Handle position, 223
Time, 194585, Combination, 0/49/8, Handle position, 224
Time, 196288, Combination, 0/49/16, Handle position, 225
Time, 199260, Combination, 0/46/66, Handle position, 225
Time, 201090, Combination, 0/46/91, Handle position, 224
Time, 202904, Combination, 0/46/8, Handle position, 225
Time, 204608, Combination, 0/46/16, Handle position, 224
Time, 207640, Combination, 0/43/66, Handle position, 224
Time, 209463, Combination, 0/43/91, Handle position, 226
Time, 211274, Combination, 0/43/8, Handle position, 223
Time, 212976, Combination, 0/43/16, Handle position, 224
Time, 216066, Combination, 0/40/66, Handle position, 224
Time, 217889, Combination, 0/40/91, Handle position, 224
Time, 219700, Combination, 0/40/8, Handle position, 226
Time, 221401, Combination, 0/40/16, Handle position, 224
Time, 224638, Combination, 0/37/66, Handle position, 224
Time, 226467, Combination, 0/37/91, Handle position, 224
Time, 228280, Combination, 0/37/8, Handle position, 225
Time, 229980, Combination, 0/37/16, Handle position, 224
Time, 233283, Combination, 0/34/66, Handle position, 220
Time, 235112, Combination, 0/34/91, Handle position, 225
Time, 236924, Combination, 0/34/8, Handle position, 223
Time, 238627, Combination, 0/34/16, Handle position, 225
Time, 241921, Combination, 0/31/66, Handle position, 223
Time, 243748, Combination, 0/31/91, Handle position, 225
Time, 245559, Combination, 0/31/8, Handle position, 224
Time, 247255, Combination, 0/31/16, Handle position, 224
Time, 250616, Combination, 0/28/66, Handle position, 224
Time, 252446, Combination, 0/28/91, Handle position, 225
Time, 254258, Combination, 0/28/8, Handle position, 224
Time, 255956, Combination, 0/28/16, Handle position, 225
Time, 259408, Combination, 0/25/66, Handle position, 224
Time, 261236, Combination, 0/25/91, Handle position, 226
Time, 263044, Combination, 0/25/8, Handle position, 224
Time, 264749, Combination, 0/25/16, Handle position, 224
Time, 268274, Combination, 0/22/66, Handle position, 224
Time, 270103, Combination, 0/22/91, Handle position, 225
Time, 271913, Combination, 0/22/8, Handle position, 223
Time, 273619, Combination, 0/22/16, Handle position, 224
Time, 277224, Combination, 0/19/66, Handle position, 224
Time, 279049, Combination, 0/19/91, Handle position, 224
Time, 280866, Combination, 0/19/8, Handle position, 224
Time, 282580, Combination, 0/19/16, Handle position, 225
Time, 286817, Combination, 0/16/66, Handle position, 224
Time, 288643, Combination, 0/16/91, Handle position, 224
Time, 290458, Combination, 0/16/8, Handle position, 225
Time, 292192, Combination, 0/16/16, Handle position, 224
Time, 294043, Combination, 0/13/16, Handle position, 225
Time, 296109, Combination, 0/13/66, Handle position, 224
Time, 298029, Combination, 0/13/91, Handle position, 225
Time, 299991, Combination, 0/13/8, Handle position, 223
Time, 303806, Combination, 0/10/16, Handle position, 224
Time, 305843, Combination, 0/10/66, Handle position, 224
Time, 307665, Combination, 0/10/91, Handle position, 225
Time, 309489, Combination, 0/10/8, Handle position, 225
Time, 313030, Combination, 0/7/8, Handle position, 221
Time, 314735, Combination, 0/7/16, Handle position, 223
Time, 316769, Combination, 0/7/66, Handle position, 224
Time, 318595, Combination, 0/7/91, Handle position, 224
Time, 321597, Combination, 0/4/8, Handle position, 224
Time, 323305, Combination, 0/4/16, Handle position, 224
Time, 325344, Combination, 0/4/66, Handle position, 223
Time, 327169, Combination, 0/4/91, Handle position, 224
Time, 330388, Combination, 0/1/8, Handle position, 223
Time, 332100, Combination, 0/1/16, Handle position, 224
Time, 334137, Combination, 0/1/66, Handle position, 223
Time, 335965, Combination, 0/1/91, Handle position, 224
Resetting dial...
DiscA is at: 3
DiscB is at: 0
DiscC is at: 8
Time, 347548, Combination, 3/0/8, Handle position, 233
Time, 349261, Combination, 3/0/16, Handle position, 235
Time, 351296, Combination, 3/0/66, Handle position, 233
Time, 353138, Combination, 3/0/91, Handle position, 233
Time, 356606, Combination, 3/97/8, Handle position, 233
Time, 358316, Combination, 3/97/16, Handle position, 232
Time, 360355, Combination, 3/97/66, Handle position, 233
Time, 362196, Combination, 3/97/91, Handle position, 231
Time, 365622, Combination, 3/94/8, Handle position, 232
Time, 367326, Combination, 3/94/16, Handle position, 233
Time, 369367, Combination, 3/94/66, Handle position, 231
Time, 371209, Combination, 3/94/91, Handle position, 225
Time, 375209, Combination, 3/91/8, Handle position, 233
Time, 376907, Combination, 3/91/16, Handle position, 233
Time, 378949, Combination, 3/91/66, Handle position, 232
Time, 380937, Combination, 3/91/91, Handle position, 224
Time, 382781, Combination, 3/88/91, Handle position, 224
Time, 384671, Combination, 3/88/8, Handle position, 224
Time, 386471, Combination, 3/88/16, Handle position, 224
Time, 388575, Combination, 3/88/66, Handle position, 223
Time, 391602, Combination, 3/85/91, Handle position, 224
Time, 393412, Combination, 3/85/8, Handle position, 224
Time, 395108, Combination, 3/85/16, Handle position, 225
Time, 397150, Combination, 3/85/66, Handle position, 224
Time, 400357, Combination, 3/82/91, Handle position, 225
Time, 402163, Combination, 3/82/8, Handle position, 224
Time, 403861, Combination, 3/82/16, Handle position, 224
Time, 405902, Combination, 3/82/66, Handle position, 223
Time, 409165, Combination, 3/79/91, Handle position, 224
Time, 410974, Combination, 3/79/8, Handle position, 225
Time, 412669, Combination, 3/79/16, Handle position, 225
Time, 414705, Combination, 3/79/66, Handle position, 223
Time, 417982, Combination, 3/76/91, Handle position, 224
Time, 419787, Combination, 3/76/8, Handle position, 225
Time, 421481, Combination, 3/76/16, Handle position, 224
Time, 423513, Combination, 3/76/66, Handle position, 223
Time, 426832, Combination, 3/73/91, Handle position, 224
Time, 428632, Combination, 3/73/8, Handle position, 225
Time, 430326, Combination, 3/73/16, Handle position, 224
Time, 432359, Combination, 3/73/66, Handle position, 224
Time, 435730, Combination, 3/70/91, Handle position, 224
Time, 437531, Combination, 3/70/8, Handle position, 225
Time, 439230, Combination, 3/70/16, Handle position, 225
Time, 441267, Combination, 3/70/66, Handle position, 224
Time, 445181, Combination, 3/67/91, Handle position, 225
Time, 446978, Combination, 3/67/8, Handle position, 224
Time, 448674, Combination, 3/67/16, Handle position, 225
Time, 450713, Combination, 3/67/66, Handle position, 224
Time, 454187, Combination, 3/64/66, Handle position, 224
Time, 456024, Combination, 3/64/91, Handle position, 224
Time, 457824, Combination, 3/64/8, Handle position, 224
Time, 459520, Combination, 3/64/16, Handle position, 224
Time, 462137, Combination, 3/61/66, Handle position, 223
Time, 463976, Combination, 3/61/91, Handle position, 223
Time, 465775, Combination, 3/61/8, Handle position, 225
Time, 467473, Combination, 3/61/16, Handle position, 225
Time, 470259, Combination, 3/58/66, Handle position, 224
Time, 472099, Combination, 3/58/91, Handle position, 224
Time, 473901, Combination, 3/58/8, Handle position, 224
Time, 475596, Combination, 3/58/16, Handle position, 225
Time, 478493, Combination, 3/55/66, Handle position, 223
Time, 480329, Combination, 3/55/91, Handle position, 223
Time, 482127, Combination, 3/55/8, Handle position, 224
Time, 483821, Combination, 3/55/16, Handle position, 224
Time, 486707, Combination, 3/52/66, Handle position, 224
Time, 488669, Combination, 3/52/91, Handle position, 224
Time, 490467, Combination, 3/52/8, Handle position, 223
Time, 492161, Combination, 3/52/16, Handle position, 223
Time, 495078, Combination, 3/49/66, Handle position, 224
Time, 496904, Combination, 3/49/91, Handle position, 225
Time, 498700, Combination, 3/49/8, Handle position, 224
Time, 500393, Combination, 3/49/16, Handle position, 224
Time, 503362, Combination, 3/46/66, Handle position, 224
Time, 505190, Combination, 3/46/91, Handle position, 225
Time, 507074, Combination, 3/46/8, Handle position, 224
Time, 508770, Combination, 3/46/16, Handle position, 224
Time, 511796, Combination, 3/43/66, Handle position, 224
Time, 513750, Combination, 3/43/91, Handle position, 224
Time, 515546, Combination, 3/43/8, Handle position, 224
Time, 517241, Combination, 3/43/16, Handle position, 224
Time, 520325, Combination, 3/40/66, Handle position, 224
Time, 522153, Combination, 3/40/91, Handle position, 224
Time, 523951, Combination, 3/40/8, Handle position, 223
Time, 525643, Combination, 3/40/16, Handle position, 224
Time, 528874, Combination, 3/37/66, Handle position, 224
Time, 530821, Combination, 3/37/91, Handle position, 223
Time, 532623, Combination, 3/37/8, Handle position, 223
Time, 534323, Combination, 3/37/16, Handle position, 224
Time, 537641, Combination, 3/34/66, Handle position, 224
Time, 539469, Combination, 3/34/91, Handle position, 225
Time, 541266, Combination, 3/34/8, Handle position, 223
Time, 542965, Combination, 3/34/16, Handle position, 223
Time, 546250, Combination, 3/31/66, Handle position, 223
Time, 548078, Combination, 3/31/91, Handle position, 223
Time, 549880, Combination, 3/31/8, Handle position, 223
Time, 551579, Combination, 3/31/16, Handle position, 223
Time, 554938, Combination, 3/28/66, Handle position, 223
Time, 556765, Combination, 3/28/91, Handle position, 223
Time, 558562, Combination, 3/28/8, Handle position, 225
Time, 560263, Combination, 3/28/16, Handle position, 224
Time, 563698, Combination, 3/25/66, Handle position, 224
Time, 565528, Combination, 3/25/91, Handle position, 225
Time, 567332, Combination, 3/25/8, Handle position, 223
Time, 569031, Combination, 3/25/16, Handle position, 224
Time, 572544, Combination, 3/22/66, Handle position, 220
Time, 574373, Combination, 3/22/91, Handle position, 223
Time, 576179, Combination, 3/22/8, Handle position, 223
Time, 577884, Combination, 3/22/16, Handle position, 223
Time, 581476, Combination, 3/19/66, Handle position, 224
Time, 583304, Combination, 3/19/91, Handle position, 223
Time, 585108, Combination, 3/19/8, Handle position, 224
Time, 586812, Combination, 3/19/16, Handle position, 224
Time, 591039, Combination, 3/16/66, Handle position, 224
Time, 592864, Combination, 3/16/91, Handle position, 224
Time, 594671, Combination, 3/16/8, Handle position, 224
Time, 596391, Combination, 3/16/16, Handle position, 224
Time, 598238, Combination, 3/13/16, Handle position, 225
Time, 600296, Combination, 3/13/66, Handle position, 223
Time, 602212, Combination, 3/13/91, Handle position, 224
Time, 604163, Combination, 3/13/8, Handle position, 223
Time, 607943, Combination, 3/10/16, Handle position, 224
Time, 609974, Combination, 3/10/66, Handle position, 224
Time, 611795, Combination, 3/10/91, Handle position, 223
Time, 613604, Combination, 3/10/8, Handle position, 223
Time, 617160, Combination, 3/7/8, Handle position, 224
Time, 618865, Combination, 3/7/16, Handle position, 224
Time, 620897, Combination, 3/7/66, Handle position, 223
Time, 622720, Combination, 3/7/91, Handle position, 225
Time, 625724, Combination, 3/4/8, Handle position, 224
Time, 627429, Combination, 3/4/16, Handle position, 224
Time, 629545, Combination, 3/4/66, Handle position, 224
Time, 631365, Combination, 3/4/91, Handle position, 224
Resetting dial...
DiscA is at: 6
DiscB is at: 6
DiscC is at: 8
Time, 642705, Combination, 6/3/8, Handle position, 232
Time, 644408, Combination, 6/3/16, Handle position, 232
Time, 646445, Combination, 6/3/66, Handle position, 233
Time, 648282, Combination, 6/3/91, Handle position, 231
Time, 651262, Combination, 6/0/8, Handle position, 234
Time, 652973, Combination, 6/0/16, Handle position, 234
Time, 655013, Combination, 6/0/66, Handle position, 234
Time, 656858, Combination, 6/0/91, Handle position, 225
Time, 660335, Combination, 6/97/8, Handle position, 233
Time, 662039, Combination, 6/97/16, Handle position, 233
Time, 664077, Combination, 6/97/66, Handle position, 232
Time, 665919, Combination, 6/97/91, Handle position, 223
Time, 669350, Combination, 6/94/8, Handle position, 232
Time, 671047, Combination, 6/94/16, Handle position, 225
Time, 673084, Combination, 6/94/66, Handle position, 224
Time, 674934, Combination, 6/94/91, Handle position, 224
Time, 678936, Combination, 6/91/8, Handle position, 232
Time, 680637, Combination, 6/91/16, Handle position, 225
Time, 682677, Combination, 6/91/66, Handle position, 223
Time, 684542, Combination, 6/91/91, Handle position, 224
Time, 686384, Combination, 6/88/91, Handle position, 224
Time, 688269, Combination, 6/88/8, Handle position, 224
Time, 690083, Combination, 6/88/16, Handle position, 224
Time, 692185, Combination, 6/88/66, Handle position, 223
Time, 695208, Combination, 6/85/91, Handle position, 224
Time, 697019, Combination, 6/85/8, Handle position, 223
Time, 698732, Combination, 6/85/16, Handle position, 224
Time, 700768, Combination, 6/85/66, Handle position, 223
Time, 703972, Combination, 6/82/91, Handle position, 226
Time, 705781, Combination, 6/82/8, Handle position, 223
Time, 707491, Combination, 6/82/16, Handle position, 224
Time, 709529, Combination, 6/82/66, Handle position, 223
Time, 712792, Combination, 6/79/91, Handle position, 224
Time, 714600, Combination, 6/79/8, Handle position, 225
Time, 716309, Combination, 6/79/16, Handle position, 224
Time, 718346, Combination, 6/79/66, Handle position, 224
Time, 721623, Combination, 6/76/91, Handle position, 225
Time, 723427, Combination, 6/76/8, Handle position, 222
Time, 725136, Combination, 6/76/16, Handle position, 224
Time, 727170, Combination, 6/76/66, Handle position, 225
Time, 730491, Combination, 6/73/91, Handle position, 224
Time, 732296, Combination, 6/73/8, Handle position, 224
Time, 734008, Combination, 6/73/16, Handle position, 224
Time, 736043, Combination, 6/73/66, Handle position, 224
Time, 739404, Combination, 6/70/91, Handle position, 225
Time, 741206, Combination, 6/70/8, Handle position, 224
Time, 742915, Combination, 6/70/16, Handle position, 224
Time, 744947, Combination, 6/70/66, Handle position, 222
Time, 748983, Combination, 6/67/91, Handle position, 223
Time, 750788, Combination, 6/67/8, Handle position, 224
Time, 752499, Combination, 6/67/16, Handle position, 227
Time, 754537, Combination, 6/67/66, Handle position, 223
Time, 758014, Combination, 6/64/66, Handle position, 224
Time, 759853, Combination, 6/64/91, Handle position, 224
Time, 761659, Combination, 6/64/8, Handle position, 223
Time, 763370, Combination, 6/64/16, Handle position, 225
Time, 765985, Combination, 6/61/66, Handle position, 224
Time, 767822, Combination, 6/61/91, Handle position, 223
Time, 769717, Combination, 6/61/8, Handle position, 224
Time, 771426, Combination, 6/61/16, Handle position, 224
Time, 774209, Combination, 6/58/66, Handle position, 224
Time, 776041, Combination, 6/58/91, Handle position, 224
Time, 777841, Combination, 6/58/8, Handle position, 224
Time, 779550, Combination, 6/58/16, Handle position, 224
Time, 782447, Combination, 6/55/66, Handle position, 224
Time, 784279, Combination, 6/55/91, Handle position, 223
Time, 786170, Combination, 6/55/8, Handle position, 224
Time, 787876, Combination, 6/55/16, Handle position, 224
Time, 790753, Combination, 6/52/66, Handle position, 224
Time, 792584, Combination, 6/52/91, Handle position, 224
Time, 794386, Combination, 6/52/8, Handle position, 224
Time, 796091, Combination, 6/52/16, Handle position, 225
Time, 799009, Combination, 6/49/66, Handle position, 222
Time, 800841, Combination, 6/49/91, Handle position, 225
Time, 802650, Combination, 6/49/8, Handle position, 223
Time, 804355, Combination, 6/49/16, Handle position, 224
Time, 807322, Combination, 6/46/66, Handle position, 223
Time, 809150, Combination, 6/46/91, Handle position, 224
Time, 810957, Combination, 6/46/8, Handle position, 224
Time, 812663, Combination, 6/46/16, Handle position, 225
Time, 815683, Combination, 6/43/66, Handle position, 223
Time, 817511, Combination, 6/43/91, Handle position, 224
Time, 819313, Combination, 6/43/8, Handle position, 223
Time, 821019, Combination, 6/43/16, Handle position, 224
Time, 824100, Combination, 6/40/66, Handle position, 224
Time, 825925, Combination, 6/40/91, Handle position, 224
Time, 827731, Combination, 6/40/8, Handle position, 221
Time, 829438, Combination, 6/40/16, Handle position, 225
Time, 832671, Combination, 6/37/66, Handle position, 224
Time, 834494, Combination, 6/37/91, Handle position, 224
Time, 836300, Combination, 6/37/8, Handle position, 223
Time, 838007, Combination, 6/37/16, Handle position, 223
Time, 841225, Combination, 6/34/66, Handle position, 224
Time, 843049, Combination, 6/34/91, Handle position, 223
Time, 844855, Combination, 6/34/8, Handle position, 223
Time, 846569, Combination, 6/34/16, Handle position, 224
Time, 849863, Combination, 6/31/66, Handle position, 224
Time, 851693, Combination, 6/31/91, Handle position, 227
Time, 853501, Combination, 6/31/8, Handle position, 224
Time, 855217, Combination, 6/31/16, Handle position, 224
Time, 858577, Combination, 6/28/66, Handle position, 224
Time, 860405, Combination, 6/28/91, Handle position, 224
Time, 862215, Combination, 6/28/8, Handle position, 223
Time, 863933, Combination, 6/28/16, Handle position, 223
Time, 867378, Combination, 6/25/66, Handle position, 223
Time, 869202, Combination, 6/25/91, Handle position, 224
Time, 871010, Combination, 6/25/8, Handle position, 223
Time, 872722, Combination, 6/25/16, Handle position, 224
Time, 876244, Combination, 6/22/66, Handle position, 224
Time, 878069, Combination, 6/22/91, Handle position, 225
Time, 879877, Combination, 6/22/8, Handle position, 224
Time, 881586, Combination, 6/22/16, Handle position, 225
Time, 885187, Combination, 6/19/66, Handle position, 223
Time, 887013, Combination, 6/19/91, Handle position, 225
Time, 888915, Combination, 6/19/8, Handle position, 223
Time, 890625, Combination, 6/19/16, Handle position, 224
Time, 894873, Combination, 6/16/66, Handle position, 224
Time, 896700, Combination, 6/16/91, Handle position, 224
Time, 898513, Combination, 6/16/8, Handle position, 223
Time, 900248, Combination, 6/16/16, Handle position, 223
Time, 902102, Combination, 6/13/16, Handle position, 224
Time, 904159, Combination, 6/13/66, Handle position, 223
Time, 906076, Combination, 6/13/91, Handle position, 224
Time, 908036, Combination, 6/13/8, Handle position, 226
Time, 911848, Combination, 6/10/16, Handle position, 224
Time, 913881, Combination, 6/10/66, Handle position, 224
Time, 915709, Combination, 6/10/91, Handle position, 224
Time, 917524, Combination, 6/10/8, Handle position, 223
Time, 921083, Combination, 6/7/8, Handle position, 223
Time, 922806, Combination, 6/7/16, Handle position, 225
Time, 924923, Combination, 6/7/66, Handle position, 224
Time, 926745, Combination, 6/7/91, Handle position, 223
Resetting dial...
DiscA is at: 9
DiscB is at: 6
DiscC is at: 8
Time, 938494, Combination, 9/6/8, Handle position, 233
Time, 940206, Combination, 9/6/16, Handle position, 231
Time, 942242, Combination, 9/6/66, Handle position, 233
Time, 944080, Combination, 9/6/91, Handle position, 232
Time, 946833, Combination, 9/3/8, Handle position, 232
Time, 948550, Combination, 9/3/16, Handle position, 234
Time, 950587, Combination, 9/3/66, Handle position, 233
Time, 952434, Combination, 9/3/91, Handle position, 232
Time, 955758, Combination, 9/0/8, Handle position, 235
Time, 957480, Combination, 9/0/16, Handle position, 234
Time, 959519, Combination, 9/0/66, Handle position, 235
Time, 961506, Combination, 9/0/91, Handle position, 235
Time, 965004, Combination, 9/97/8, Handle position, 232
Time, 966727, Combination, 9/97/16, Handle position, 235
Time, 968769, Combination, 9/97/66, Handle position, 232
Time, 970619, Combination, 9/97/91, Handle position, 233
Time, 974065, Combination, 9/94/8, Handle position, 233
Time, 975784, Combination, 9/94/16, Handle position, 233
Time, 977826, Combination, 9/94/66, Handle position, 232
Time, 979675, Combination, 9/94/91, Handle position, 223
Time, 983674, Combination, 9/91/8, Handle position, 231
Time, 985388, Combination, 9/91/16, Handle position, 233
Time, 987425, Combination, 9/91/66, Handle position, 223
Time, 989290, Combination, 9/91/91, Handle position, 224
Time, 991130, Combination, 9/88/91, Handle position, 224
Time, 993036, Combination, 9/88/8, Handle position, 223
Time, 994825, Combination, 9/88/16, Handle position, 224
Time, 996921, Combination, 9/88/66, Handle position, 223
Time, 999987, Combination, 9/85/91, Handle position, 223
Time, 1001801, Combination, 9/85/8, Handle position, 223
Time, 1003515, Combination, 9/85/16, Handle position, 224
Time, 1005552, Combination, 9/85/66, Handle position, 223
Time, 1008449, Combination, 9/82/91, Handle position, 224
Time, 1010265, Combination, 9/82/8, Handle position, 224
Time, 1011977, Combination, 9/82/16, Handle position, 224
Time, 1014014, Combination, 9/82/66, Handle position, 224
Time, 1017296, Combination, 9/79/91, Handle position, 224
Time, 1019105, Combination, 9/79/8, Handle position, 222
Time, 1020815, Combination, 9/79/16, Handle position, 224
Time, 1022848, Combination, 9/79/66, Handle position, 223
Time, 1026151, Combination, 9/76/91, Handle position, 225
Time, 1027955, Combination, 9/76/8, Handle position, 225
Time, 1029659, Combination, 9/76/16, Handle position, 224
Time, 1031691, Combination, 9/76/66, Handle position, 224
Time, 1035028, Combination, 9/73/91, Handle position, 224
Time, 1036836, Combination, 9/73/8, Handle position, 225
Time, 1038546, Combination, 9/73/16, Handle position, 224
Time, 1040576, Combination, 9/73/66, Handle position, 223
Time, 1043954, Combination, 9/70/91, Handle position, 223
Time, 1045762, Combination, 9/70/8, Handle position, 224
Time, 1047465, Combination, 9/70/16, Handle position, 223
Time, 1049497, Combination, 9/70/66, Handle position, 223
Time, 1053418, Combination, 9/67/91, Handle position, 223
Time, 1055223, Combination, 9/67/8, Handle position, 223
Time, 1056935, Combination, 9/67/16, Handle position, 224
Time, 1058971, Combination, 9/67/66, Handle position, 223
Time, 1062466, Combination, 9/64/66, Handle position, 223
Time, 1064446, Combination, 9/64/91, Handle position, 224
Time, 1066251, Combination, 9/64/8, Handle position, 224
Time, 1067959, Combination, 9/64/16, Handle position, 224
Time, 1070575, Combination, 9/61/66, Handle position, 225
Time, 1072418, Combination, 9/61/91, Handle position, 223
Time, 1074226, Combination, 9/61/8, Handle position, 223
Time, 1075938, Combination, 9/61/16, Handle position, 224
Time, 1078721, Combination, 9/58/66, Handle position, 223
Time, 1080695, Combination, 9/58/91, Handle position, 224
Time, 1082499, Combination, 9/58/8, Handle position, 223
Time, 1084207, Combination, 9/58/16, Handle position, 224
Time, 1087101, Combination, 9/55/66, Handle position, 222
Time, 1088940, Combination, 9/55/91, Handle position, 224
Time, 1090746, Combination, 9/55/8, Handle position, 223
Time, 1092451, Combination, 9/55/16, Handle position, 225
Time, 1095332, Combination, 9/52/66, Handle position, 224
Time, 1097177, Combination, 9/52/91, Handle position, 225
Time, 1098991, Combination, 9/52/8, Handle position, 224
Time, 1100706, Combination, 9/52/16, Handle position, 224
Time, 1103627, Combination, 9/49/66, Handle position, 223
Time, 1105463, Combination, 9/49/91, Handle position, 224
Time, 1107267, Combination, 9/49/8, Handle position, 224
Time, 1108974, Combination, 9/49/16, Handle position, 225
Time, 1111940, Combination, 9/46/66, Handle position, 223
Time, 1113772, Combination, 9/46/91, Handle position, 224
Time, 1115578, Combination, 9/46/8, Handle position, 224
Time, 1117281, Combination, 9/46/16, Handle position, 224
Time, 1120301, Combination, 9/43/66, Handle position, 223
Time, 1122131, Combination, 9/43/91, Handle position, 224
Time, 1123938, Combination, 9/43/8, Handle position, 225
Time, 1125637, Combination, 9/43/16, Handle position, 225
Time, 1128814, Combination, 9/40/66, Handle position, 224
Time, 1130648, Combination, 9/40/91, Handle position, 224
Time, 1132445, Combination, 9/40/8, Handle position, 223
Time, 1134140, Combination, 9/40/16, Handle position, 224
Time, 1137277, Combination, 9/37/66, Handle position, 223
Time, 1139107, Combination, 9/37/91, Handle position, 224
Time, 1140914, Combination, 9/37/8, Handle position, 225
Time, 1142609, Combination, 9/37/16, Handle position, 224
Time, 1145816, Combination, 9/34/66, Handle position, 224
Time, 1147644, Combination, 9/34/91, Handle position, 224
Time, 1149448, Combination, 9/34/8, Handle position, 223
Time, 1151147, Combination, 9/34/16, Handle position, 224
Time, 1154428, Combination, 9/31/66, Handle position, 224
Time, 1156258, Combination, 9/31/91, Handle position, 224
Time, 1158056, Combination, 9/31/8, Handle position, 223
Time, 1159757, Combination, 9/31/16, Handle position, 224
Time, 1163118, Combination, 9/28/66, Handle position, 222
Time, 1164945, Combination, 9/28/91, Handle position, 224
Time, 1166752, Combination, 9/28/8, Handle position, 224
Time, 1168461, Combination, 9/28/16, Handle position, 223
Time, 1171909, Combination, 9/25/66, Handle position, 225
Time, 1173741, Combination, 9/25/91, Handle position, 224
Time, 1175545, Combination, 9/25/8, Handle position, 223
Time, 1177249, Combination, 9/25/16, Handle position, 225
Time, 1180774, Combination, 9/22/66, Handle position, 224
Time, 1182600, Combination, 9/22/91, Handle position, 223
Time, 1184404, Combination, 9/22/8, Handle position, 224
Time, 1186110, Combination, 9/22/16, Handle position, 225
Time, 1189720, Combination, 9/19/66, Handle position, 223
Time, 1191549, Combination, 9/19/91, Handle position, 224
Time, 1193353, Combination, 9/19/8, Handle position, 223
Time, 1195061, Combination, 9/19/16, Handle position, 224
Time, 1199324, Combination, 9/16/66, Handle position, 223
Time, 1201154, Combination, 9/16/91, Handle position, 224
Time, 1202962, Combination, 9/16/8, Handle position, 224
Time, 1204682, Combination, 9/16/16, Handle position, 224
Time, 1206529, Combination, 9/13/16, Handle position, 224
Time, 1208583, Combination, 9/13/66, Handle position, 224
Time, 1210504, Combination, 9/13/91, Handle position, 227
Time, 1212456, Combination, 9/13/8, Handle position, 224
Time, 1216265, Combination, 9/10/16, Handle position, 224
Time, 1218289, Combination, 9/10/66, Handle position, 224
Time, 1220239, Combination, 9/10/91, Handle position, 225
Time, 1222043, Combination, 9/10/8, Handle position, 224
Resetting dial...
DiscA is at: 12
DiscB is at: 9
DiscC is at: 16
Time, 1233569, Combination, 12/9/16, Handle position, 232
Time, 1235604, Combination, 12/9/66, Handle position, 232
Time, 1237441, Combination, 12/9/91, Handle position, 233
Time, 1239255, Combination, 12/9/8, Handle position, 232
Time, 1242983, Combination, 12/6/8, Handle position, 234
Time, 1244697, Combination, 12/6/16, Handle position, 232
Time, 1246727, Combination, 12/6/66, Handle position, 232
Time, 1248567, Combination, 12/6/91, Handle position, 231
Time, 1251656, Combination, 12/3/8, Handle position, 235
Time, 1253371, Combination, 12/3/16, Handle position, 237
Time, 1255407, Combination, 12/3/66, Handle position, 234
Time, 1257252, Combination, 12/3/91, Handle position, 232
Time, 1260550, Combination, 12/0/8, Handle position, 235
Time, 1262267, Combination, 12/0/16, Handle position, 235
Time, 1264300, Combination, 12/0/66, Handle position, 236
Time, 1266150, Combination, 12/0/91, Handle position, 235
Time, 1269627, Combination, 12/97/8, Handle position, 234
Time, 1271346, Combination, 12/97/16, Handle position, 235
Time, 1273381, Combination, 12/97/66, Handle position, 232
Time, 1275228, Combination, 12/97/91, Handle position, 225
Time, 1278660, Combination, 12/94/8, Handle position, 233
Time, 1280375, Combination, 12/94/16, Handle position, 232
Time, 1282410, Combination, 12/94/66, Handle position, 232
Time, 1284257, Combination, 12/94/91, Handle position, 224
Time, 1288257, Combination, 12/91/8, Handle position, 231
Time, 1289968, Combination, 12/91/16, Handle position, 233
Time, 1292002, Combination, 12/91/66, Handle position, 224
Time, 1293869, Combination, 12/91/91, Handle position, 224
Time, 1295380, Combination, 12/88/91, Handle position, 224
Time, 1297257, Combination, 12/88/8, Handle position, 224
Time, 1299017, Combination, 12/88/16, Handle position, 225
Time, 1301109, Combination, 12/88/66, Handle position, 223
Time, 1304142, Combination, 12/85/91, Handle position, 224
Time, 1305956, Combination, 12/85/8, Handle position, 224
Time, 1307669, Combination, 12/85/16, Handle position, 224
Time, 1309704, Combination, 12/85/66, Handle position, 223
Time, 1312923, Combination, 12/82/91, Handle position, 223
Time, 1314728, Combination, 12/82/8, Handle position, 224
Time, 1316436, Combination, 12/82/16, Handle position, 223
Time, 1318469, Combination, 12/82/66, Handle position, 223
Time, 1321736, Combination, 12/79/91, Handle position, 224
Time, 1323533, Combination, 12/79/8, Handle position, 224
Time, 1325234, Combination, 12/79/16, Handle position, 224
Time, 1327264, Combination, 12/79/66, Handle position, 223
Time, 1330550, Combination, 12/76/91, Handle position, 225
Time, 1332355, Combination, 12/76/8, Handle position, 224
Time, 1334064, Combination, 12/76/16, Handle position, 223
Time, 1336178, Combination, 12/76/66, Handle position, 223
Time, 1339505, Combination, 12/73/91, Handle position, 224
Time, 1341303, Combination, 12/73/8, Handle position, 223
Time, 1343008, Combination, 12/73/16, Handle position, 222
Time, 1345036, Combination, 12/73/66, Handle position, 224
Time, 1348539, Combination, 12/70/91, Handle position, 224
Time, 1350342, Combination, 12/70/8, Handle position, 222
Time, 1352052, Combination, 12/70/16, Handle position, 224
Time, 1354084, Combination, 12/70/66, Handle position, 224
Time, 1357998, Combination, 12/67/91, Handle position, 223
Time, 1359799, Combination, 12/67/8, Handle position, 224
Time, 1361505, Combination, 12/67/16, Handle position, 224
Time, 1363617, Combination, 12/67/66, Handle position, 224
Time, 1367073, Combination, 12/64/66, Handle position, 225
Time, 1368913, Combination, 12/64/91, Handle position, 224
Time, 1370712, Combination, 12/64/8, Handle position, 224
Time, 1372416, Combination, 12/64/16, Handle position, 221
Time, 1375026, Combination, 12/61/66, Handle position, 223
Time, 1376863, Combination, 12/61/91, Handle position, 227
Time, 1378665, Combination, 12/61/8, Handle position, 224
Time, 1380365, Combination, 12/61/16, Handle position, 224
Time, 1383138, Combination, 12/58/66, Handle position, 224
Time, 1384974, Combination, 12/58/91, Handle position, 223
Time, 1386775, Combination, 12/58/8, Handle position, 224
Time, 1388487, Combination, 12/58/16, Handle position, 224
Time, 1391376, Combination, 12/55/66, Handle position, 224
Time, 1393209, Combination, 12/55/91, Handle position, 224
Time, 1395011, Combination, 12/55/8, Handle position, 224
Time, 1396711, Combination, 12/55/16, Handle position, 225
Time, 1399583, Combination, 12/52/66, Handle position, 223
Time, 1401415, Combination, 12/52/91, Handle position, 225
Time, 1403222, Combination, 12/52/8, Handle position, 223
Time, 1404930, Combination, 12/52/16, Handle position, 224
Time, 1407843, Combination, 12/49/66, Handle position, 222
Time, 1409675, Combination, 12/49/91, Handle position, 224
Time, 1411475, Combination, 12/49/8, Handle position, 225
Time, 1413175, Combination, 12/49/16, Handle position, 227
Time, 1416132, Combination, 12/46/66, Handle position, 223
Time, 1417966, Combination, 12/46/91, Handle position, 224
Time, 1419865, Combination, 12/46/8, Handle position, 223
Time, 1421570, Combination, 12/46/16, Handle position, 224
Time, 1424583, Combination, 12/43/66, Handle position, 223
Time, 1426412, Combination, 12/43/91, Handle position, 224
Time, 1428300, Combination, 12/43/8, Handle position, 223
Time, 1429996, Combination, 12/43/16, Handle position, 224
Time, 1433067, Combination, 12/40/66, Handle position, 224
Time, 1434892, Combination, 12/40/91, Handle position, 224
Time, 1436689, Combination, 12/40/8, Handle position, 223
Time, 1438390, Combination, 12/40/16, Handle position, 223
Time, 1441520, Combination, 12/37/66, Handle position, 224
Time, 1443342, Combination, 12/37/91, Handle position, 225
Time, 1445140, Combination, 12/37/8, Handle position, 223
Time, 1446842, Combination, 12/37/16, Handle position, 224
Time, 1450042, Combination, 12/34/66, Handle position, 223
Time, 1451868, Combination, 12/34/91, Handle position, 224
Time, 1453667, Combination, 12/34/8, Handle position, 223
Time, 1455367, Combination, 12/34/16, Handle position, 225
Time, 1458640, Combination, 12/31/66, Handle position, 223
Time, 1460462, Combination, 12/31/91, Handle position, 224
Time, 1462256, Combination, 12/31/8, Handle position, 223
Time, 1463953, Combination, 12/31/16, Handle position, 224
Time, 1467296, Combination, 12/28/66, Handle position, 222
Time, 1469124, Combination, 12/28/91, Handle position, 224
Time, 1470919, Combination, 12/28/8, Handle position, 224
Time, 1472622, Combination, 12/28/16, Handle position, 225
Time, 1476047, Combination, 12/25/66, Handle position, 223
Time, 1477875, Combination, 12/25/91, Handle position, 225
Time, 1479664, Combination, 12/25/8, Handle position, 222
Time, 1481362, Combination, 12/25/16, Handle position, 223
Time, 1484876, Combination, 12/22/66, Handle position, 224
Time, 1486700, Combination, 12/22/91, Handle position, 224
Time, 1488493, Combination, 12/22/8, Handle position, 224
Time, 1490192, Combination, 12/22/16, Handle position, 223
Time, 1493788, Combination, 12/19/66, Handle position, 223
Time, 1495615, Combination, 12/19/91, Handle position, 224
Time, 1497414, Combination, 12/19/8, Handle position, 225
Time, 1499121, Combination, 12/19/16, Handle position, 227
Time, 1503353, Combination, 12/16/66, Handle position, 224
Time, 1505178, Combination, 12/16/91, Handle position, 224
Time, 1506970, Combination, 12/16/8, Handle position, 223
Time, 1508691, Combination, 12/16/16, Handle position, 224
Time, 1510539, Combination, 12/13/16, Handle position, 224
Time, 1512589, Combination, 12/13/66, Handle position, 224
Time, 1514508, Combination, 12/13/91, Handle position, 225
Time, 1516460, Combination, 12/13/8, Handle position, 224
Resetting dial...
DiscA is at: 15
DiscB is at: 12
DiscC is at: 16
Time, 1527552, Combination, 15/12/16, Handle position, 234
Time, 1529580, Combination, 15/12/66, Handle position, 236
Time, 1531420, Combination, 15/12/91, Handle position, 235
Time, 1533227, Combination, 15/12/8, Handle position, 235
Time, 1537099, Combination, 15/9/16, Handle position, 236
Time, 1539131, Combination, 15/9/66, Handle position, 234
Time, 1540974, Combination, 15/9/91, Handle position, 235
Time, 1542787, Combination, 15/9/8, Handle position, 234
Time, 1546466, Combination, 15/6/8, Handle position, 236
Time, 1548172, Combination, 15/6/16, Handle position, 235
Time, 1550203, Combination, 15/6/66, Handle position, 235
Time, 1552045, Combination, 15/6/91, Handle position, 234
Time, 1555136, Combination, 15/3/8, Handle position, 237
Time, 1556851, Combination, 15/3/16, Handle position, 235
Time, 1558885, Combination, 15/3/66, Handle position, 235
Time, 1560728, Combination, 15/3/91, Handle position, 235
Time, 1564022, Combination, 15/0/8, Handle position, 235
Time, 1565737, Combination, 15/0/16, Handle position, 236
Time, 1567775, Combination, 15/0/66, Handle position, 236
Time, 1569752, Combination, 15/0/91, Handle position, 225
Time, 1573217, Combination, 15/97/8, Handle position, 236
Time, 1574935, Combination, 15/97/16, Handle position, 226
Time, 1576968, Combination, 15/97/66, Handle position, 235
Time, 1578813, Combination, 15/97/91, Handle position, 226
Time, 1582246, Combination, 15/94/8, Handle position, 235
Time, 1583962, Combination, 15/94/16, Handle position, 234
Time, 1585996, Combination, 15/94/66, Handle position, 231
Time, 1587837, Combination, 15/94/91, Handle position, 224
Time, 1591844, Combination, 15/91/8, Handle position, 236
Time, 1593548, Combination, 15/91/16, Handle position, 225
Time, 1595585, Combination, 15/91/66, Handle position, 226
Time, 1597465, Combination, 15/91/91, Handle position, 224
Time, 1599308, Combination, 15/88/91, Handle position, 224
Time, 1601196, Combination, 15/88/8, Handle position, 226
Time, 1602959, Combination, 15/88/16, Handle position, 224
Time, 1605051, Combination, 15/88/66, Handle position, 224
Time, 1608078, Combination, 15/85/91, Handle position, 224
Time, 1609892, Combination, 15/85/8, Handle position, 225
Time, 1611606, Combination, 15/85/16, Handle position, 225
Time, 1613637, Combination, 15/85/66, Handle position, 223
Time, 1616844, Combination, 15/82/91, Handle position, 225
Time, 1618655, Combination, 15/82/8, Handle position, 223
Time, 1620364, Combination, 15/82/16, Handle position, 224
Time, 1622393, Combination, 15/82/66, Handle position, 224
Time, 1625664, Combination, 15/79/91, Handle position, 225
Time, 1627473, Combination, 15/79/8, Handle position, 224
Time, 1629180, Combination, 15/79/16, Handle position, 223
Time, 1631210, Combination, 15/79/66, Handle position, 223
Time, 1634493, Combination, 15/76/91, Handle position, 225
Time, 1636305, Combination, 15/76/8, Handle position, 223
Time, 1638018, Combination, 15/76/16, Handle position, 225
Time, 1640047, Combination, 15/76/66, Handle position, 223
Time, 1643209, Combination, 15/73/91, Handle position, 224
Time, 1645101, Combination, 15/73/8, Handle position, 223
Time, 1646813, Combination, 15/73/16, Handle position, 225
Time, 1648924, Combination, 15/73/66, Handle position, 223
Time, 1652315, Combination, 15/70/91, Handle position, 224
Time, 1654119, Combination, 15/70/8, Handle position, 224
Time, 1655829, Combination, 15/70/16, Handle position, 226
Time, 1657859, Combination, 15/70/66, Handle position, 223
Time, 1661773, Combination, 15/67/91, Handle position, 224
Time, 1663574, Combination, 15/67/8, Handle position, 224
Time, 1665283, Combination, 15/67/16, Handle position, 224
Time, 1667314, Combination, 15/67/66, Handle position, 222
Time, 1670766, Combination, 15/64/66, Handle position, 223
Time, 1672614, Combination, 15/64/91, Handle position, 224
Time, 1674419, Combination, 15/64/8, Handle position, 224
Time, 1676128, Combination, 15/64/16, Handle position, 224
Time, 1678738, Combination, 15/61/66, Handle position, 223
Time, 1680585, Combination, 15/61/91, Handle position, 225
Time, 1682384, Combination, 15/61/8, Handle position, 222
Time, 1684097, Combination, 15/61/16, Handle position, 224
Time, 1686865, Combination, 15/58/66, Handle position, 225
Time, 1688719, Combination, 15/58/91, Handle position, 224
Time, 1690521, Combination, 15/58/8, Handle position, 224
Time, 1692229, Combination, 15/58/16, Handle position, 224
Time, 1695114, Combination, 15/55/66, Handle position, 224
Time, 1696960, Combination, 15/55/91, Handle position, 225
Time, 1698760, Combination, 15/55/8, Handle position, 224
Time, 1700465, Combination, 15/55/16, Handle position, 224
Time, 1703334, Combination, 15/52/66, Handle position, 224
Time, 1705176, Combination, 15/52/91, Handle position, 224
Time, 1706976, Combination, 15/52/8, Handle position, 224
Time, 1708684, Combination, 15/52/16, Handle position, 223
Time, 1711595, Combination, 15/49/66, Handle position, 223
Time, 1713435, Combination, 15/49/91, Handle position, 223
Time, 1715235, Combination, 15/49/8, Handle position, 223
Time, 1716947, Combination, 15/49/16, Handle position, 224
Time, 1719904, Combination, 15/46/66, Handle position, 222
Time, 1721742, Combination, 15/46/91, Handle position, 223
Time, 1723545, Combination, 15/46/8, Handle position, 224
Time, 1725258, Combination, 15/46/16, Handle position, 222
Time, 1728273, Combination, 15/43/66, Handle position, 223
Time, 1730113, Combination, 15/43/91, Handle position, 224
Time, 1731921, Combination, 15/43/8, Handle position, 223
Time, 1733633, Combination, 15/43/16, Handle position, 227
Time, 1736705, Combination, 15/40/66, Handle position, 223
Time, 1738537, Combination, 15/40/91, Handle position, 224
Time, 1740343, Combination, 15/40/8, Handle position, 224
Time, 1742050, Combination, 15/40/16, Handle position, 224
Time, 1745185, Combination, 15/37/66, Handle position, 223
Time, 1747019, Combination, 15/37/91, Handle position, 225
Time, 1748820, Combination, 15/37/8, Handle position, 223
Time, 1750526, Combination, 15/37/16, Handle position, 224
Time, 1753726, Combination, 15/34/66, Handle position, 223
Time, 1755559, Combination, 15/34/91, Handle position, 225
Time, 1757364, Combination, 15/34/8, Handle position, 224
Time, 1759077, Combination, 15/34/16, Handle position, 225
Time, 1762347, Combination, 15/31/66, Handle position, 224
Time, 1764179, Combination, 15/31/91, Handle position, 225
Time, 1766078, Combination, 15/31/8, Handle position, 223
Time, 1767785, Combination, 15/31/16, Handle position, 224
Time, 1771127, Combination, 15/28/66, Handle position, 223
Time, 1772965, Combination, 15/28/91, Handle position, 224
Time, 1774772, Combination, 15/28/8, Handle position, 223
Time, 1776485, Combination, 15/28/16, Handle position, 224
Time, 1779911, Combination, 15/25/66, Handle position, 224
Time, 1781751, Combination, 15/25/91, Handle position, 224
Time, 1783560, Combination, 15/25/8, Handle position, 224
Time, 1785277, Combination, 15/25/16, Handle position, 224
Time, 1788788, Combination, 15/22/66, Handle position, 223
Time, 1790626, Combination, 15/22/91, Handle position, 222
Time, 1792433, Combination, 15/22/8, Handle position, 223
Time, 1794153, Combination, 15/22/16, Handle position, 226
Time, 1797741, Combination, 15/19/66, Handle position, 224
Time, 1799577, Combination, 15/19/91, Handle position, 226
Time, 1801478, Combination, 15/19/8, Handle position, 223
Time, 1803190, Combination, 15/19/16, Handle position, 224
Time, 1807436, Combination, 15/16/66, Handle position, 224
Time, 1809271, Combination, 15/16/91, Handle position, 224
Time, 1811079, Combination, 15/16/8, Handle position, 224
Time, 1812818, Combination, 15/16/16, Handle position, 224
Resetting dial...
DiscA is at: 18
DiscB is at: 15
DiscC is at: 16
Time, 1823991, Combination, 18/15/16, Handle position, 234
Time, 1826015, Combination, 18/15/66, Handle position, 234
Time, 1827864, Combination, 18/15/91, Handle position, 235
Time, 1829677, Combination, 18/15/8, Handle position, 235
Time, 1832770, Combination, 18/12/16, Handle position, 234
Time, 1834798, Combination, 18/12/66, Handle position, 235
Time, 1836779, Combination, 18/12/91, Handle position, 235
Time, 1838595, Combination, 18/12/8, Handle position, 235
Time, 1842119, Combination, 18/9/16, Handle position, 235
Time, 1844155, Combination, 18/9/66, Handle position, 235
Time, 1846007, Combination, 18/9/91, Handle position, 235
Time, 1847823, Combination, 18/9/8, Handle position, 235
Time, 1851495, Combination, 18/6/8, Handle position, 236
Time, 1853209, Combination, 18/6/16, Handle position, 235
Time, 1855246, Combination, 18/6/66, Handle position, 232
Time, 1857101, Combination, 18/6/91, Handle position, 231
Time, 1860186, Combination, 18/3/8, Handle position, 235
Time, 1861906, Combination, 18/3/16, Handle position, 235
Time, 1863942, Combination, 18/3/66, Handle position, 234
Time, 1865800, Combination, 18/3/91, Handle position, 224
Time, 1869090, Combination, 18/0/8, Handle position, 235
Time, 1870809, Combination, 18/0/16, Handle position, 235
Time, 1872842, Combination, 18/0/66, Handle position, 235
Time, 1874698, Combination, 18/0/91, Handle position, 225
Time, 1878170, Combination, 18/97/8, Handle position, 234
Time, 1879887, Combination, 18/97/16, Handle position, 225
Time, 1881916, Combination, 18/97/66, Handle position, 233
Time, 1883782, Combination, 18/97/91, Handle position, 224
Time, 1887200, Combination, 18/94/8, Handle position, 232
Time, 1888921, Combination, 18/94/16, Handle position, 224
Time, 1890951, Combination, 18/94/66, Handle position, 223
Time, 1892815, Combination, 18/94/91, Handle position, 224
Time, 1896818, Combination, 18/91/8, Handle position, 224
Time, 1898547, Combination, 18/91/16, Handle position, 225
Time, 1900575, Combination, 18/91/66, Handle position, 224
Time, 1902459, Combination, 18/91/91, Handle position, 224
Time, 1904295, Combination, 18/88/91, Handle position, 225
Time, 1906201, Combination, 18/88/8, Handle position, 223
Time, 1907996, Combination, 18/88/16, Handle position, 224
Time, 1910085, Combination, 18/88/66, Handle position, 222
Time, 1913118, Combination, 18/85/91, Handle position, 223
Time, 1914938, Combination, 18/85/8, Handle position, 224
Time, 1916664, Combination, 18/85/16, Handle position, 225
Time, 1918694, Combination, 18/85/66, Handle position, 223
Time, 1921590, Combination, 18/82/91, Handle position, 224
Time, 1923408, Combination, 18/82/8, Handle position, 224
Time, 1925133, Combination, 18/82/16, Handle position, 224
Time, 1927166, Combination, 18/82/66, Handle position, 223
Time, 1930447, Combination, 18/79/91, Handle position, 223
Time, 1932358, Combination, 18/79/8, Handle position, 224
Time, 1934082, Combination, 18/79/16, Handle position, 224
Time, 1936112, Combination, 18/79/66, Handle position, 223
Time, 1939585, Combination, 18/76/91, Handle position, 223
Time, 1941406, Combination, 18/76/8, Handle position, 224
Time, 1943132, Combination, 18/76/16, Handle position, 224
Time, 1945160, Combination, 18/76/66, Handle position, 223
Time, 1948494, Combination, 18/73/91, Handle position, 224
Time, 1950308, Combination, 18/73/8, Handle position, 225
Time, 1952027, Combination, 18/73/16, Handle position, 224
Time, 1954057, Combination, 18/73/66, Handle position, 223
Time, 1957573, Combination, 18/70/91, Handle position, 223
Time, 1959390, Combination, 18/70/8, Handle position, 224
Time, 1961112, Combination, 18/70/16, Handle position, 222
Time, 1963144, Combination, 18/70/66, Handle position, 224
Time, 1967211, Combination, 18/67/91, Handle position, 224
Time, 1969029, Combination, 18/67/8, Handle position, 223
Time, 1970750, Combination, 18/67/16, Handle position, 223
Time, 1972783, Combination, 18/67/66, Handle position, 224
Time, 1976241, Combination, 18/64/66, Handle position, 224
Time, 1978086, Combination, 18/64/91, Handle position, 224
Time, 1979901, Combination, 18/64/8, Handle position, 224
Time, 1981622, Combination, 18/64/16, Handle position, 224
Time, 1984233, Combination, 18/61/66, Handle position, 224
Time, 1986082, Combination, 18/61/91, Handle position, 222
Time, 1987896, Combination, 18/61/8, Handle position, 223
Time, 1989610, Combination, 18/61/16, Handle position, 224
Time, 1992385, Combination, 18/58/66, Handle position, 224
Time, 1994235, Combination, 18/58/91, Handle position, 224
Time, 1996054, Combination, 18/58/8, Handle position, 223
Time, 1997766, Combination, 18/58/16, Handle position, 224
Time, 2000649, Combination, 18/55/66, Handle position, 223
Time, 2002491, Combination, 18/55/91, Handle position, 225
Time, 2004312, Combination, 18/55/8, Handle position, 224
Time, 2006024, Combination, 18/55/16, Handle position, 225
Time, 2008889, Combination, 18/52/66, Handle position, 223
Time, 2010735, Combination, 18/52/91, Handle position, 223
Time, 2012643, Combination, 18/52/8, Handle position, 223
Time, 2014359, Combination, 18/52/16, Handle position, 225
Time, 2017269, Combination, 18/49/66, Handle position, 224
Time, 2019111, Combination, 18/49/91, Handle position, 228
Time, 2020937, Combination, 18/49/8, Handle position, 224
Time, 2022656, Combination, 18/49/16, Handle position, 224
Time, 2025615, Combination, 18/46/66, Handle position, 224
Time, 2027451, Combination, 18/46/91, Handle position, 224
Time, 2029264, Combination, 18/46/8, Handle position, 224
Time, 2030976, Combination, 18/46/16, Handle position, 224
Time, 2033987, Combination, 18/43/66, Handle position, 222
Time, 2035826, Combination, 18/43/91, Handle position, 224
Time, 2037640, Combination, 18/43/8, Handle position, 224
Time, 2039357, Combination, 18/43/16, Handle position, 223
Time, 2042420, Combination, 18/40/66, Handle position, 224
Time, 2044253, Combination, 18/40/91, Handle position, 225
Time, 2046163, Combination, 18/40/8, Handle position, 223
Time, 2047878, Combination, 18/40/16, Handle position, 224
Time, 2051006, Combination, 18/37/66, Handle position, 224
Time, 2052836, Combination, 18/37/91, Handle position, 224
Time, 2054642, Combination, 18/37/8, Handle position, 224
Time, 2056352, Combination, 18/37/16, Handle position, 224
Time, 2059551, Combination, 18/34/66, Handle position, 223
Time, 2061391, Combination, 18/34/91, Handle position, 224
Time, 2063195, Combination, 18/34/8, Handle position, 223
Time, 2064906, Combination, 18/34/16, Handle position, 224
Time, 2068282, Combination, 18/31/66, Handle position, 224
Time, 2070122, Combination, 18/31/91, Handle position, 223
Time, 2071924, Combination, 18/31/8, Handle position, 223
Time, 2073635, Combination, 18/31/16, Handle position, 224
Time, 2076985, Combination, 18/28/66, Handle position, 223
Time, 2078828, Combination, 18/28/91, Handle position, 224
Time, 2080634, Combination, 18/28/8, Handle position, 223
Time, 2082347, Combination, 18/28/16, Handle position, 223
Time, 2085784, Combination, 18/25/66, Handle position, 223
Time, 2087638, Combination, 18/25/91, Handle position, 224
Time, 2089454, Combination, 18/25/8, Handle position, 224
Time, 2091169, Combination, 18/25/16, Handle position, 224
Time, 2094687, Combination, 18/22/66, Handle position, 224
Time, 2096529, Combination, 18/22/91, Handle position, 224
Time, 2098340, Combination, 18/22/8, Handle position, 224
Time, 2100051, Combination, 18/22/16, Handle position, 231
Time, 2103648, Combination, 18/19/66, Handle position, 224
Time, 2105489, Combination, 18/19/91, Handle position, 230
Time, 2107292, Combination, 18/19/8, Handle position, 224
Time, 2109001, Combination, 18/19/16, Handle position, 235
Resetting dial...
DiscA is at: 21
DiscB is at: 18
DiscC is at: 66
Time, 2120924, Combination, 21/18/66, Handle position, 236
Time, 2122778, Combination, 21/18/91, Handle position, 236
Time, 2124588, Combination, 21/18/8, Handle position, 236
Time, 2126297, Combination, 21/18/16, Handle position, 225
Time, 2129822, Combination, 21/15/16, Handle position, 234
Time, 2131849, Combination, 21/15/66, Handle position, 235
Time, 2133706, Combination, 21/15/91, Handle position, 235
Time, 2135514, Combination, 21/15/8, Handle position, 236
Time, 2138238, Combination, 21/12/16, Handle position, 234
Time, 2140262, Combination, 21/12/66, Handle position, 235
Time, 2142123, Combination, 21/12/91, Handle position, 236
Time, 2143928, Combination, 21/12/8, Handle position, 235
Time, 2147816, Combination, 21/9/16, Handle position, 235
Time, 2149844, Combination, 21/9/66, Handle position, 235
Time, 2151704, Combination, 21/9/91, Handle position, 235
Time, 2153519, Combination, 21/9/8, Handle position, 235
Time, 2157163, Combination, 21/6/8, Handle position, 236
Time, 2158872, Combination, 21/6/16, Handle position, 235
Time, 2160903, Combination, 21/6/66, Handle position, 236
Time, 2162763, Combination, 21/6/91, Handle position, 234
Time, 2165849, Combination, 21/3/8, Handle position, 235
Time, 2167573, Combination, 21/3/16, Handle position, 236
Time, 2169603, Combination, 21/3/66, Handle position, 235
Time, 2171462, Combination, 21/3/91, Handle position, 235
Time, 2174746, Combination, 21/0/8, Handle position, 235
Time, 2176462, Combination, 21/0/16, Handle position, 236
Time, 2178490, Combination, 21/0/66, Handle position, 237
Time, 2180353, Combination, 21/0/91, Handle position, 237
Time, 2183826, Combination, 21/97/8, Handle position, 235
Time, 2185545, Combination, 21/97/16, Handle position, 235
Time, 2187655, Combination, 21/97/66, Handle position, 236
Time, 2189654, Combination, 21/97/91, Handle position, 226
Time, 2193085, Combination, 21/94/8, Handle position, 235
Time, 2194806, Combination, 21/94/16, Handle position, 234
Time, 2196838, Combination, 21/94/66, Handle position, 235
Time, 2198706, Combination, 21/94/91, Handle position, 224
Time, 2202706, Combination, 21/91/8, Handle position, 236
Time, 2204420, Combination, 21/91/16, Handle position, 224
Time, 2206447, Combination, 21/91/66, Handle position, 224
Time, 2208337, Combination, 21/91/91, Handle position, 226
Time, 2210178, Combination, 21/88/91, Handle position, 225
Time, 2212078, Combination, 21/88/8, Handle position, 226
Time, 2213837, Combination, 21/88/16, Handle position, 226
Time, 2215925, Combination, 21/88/66, Handle position, 223
Time, 2218958, Combination, 21/85/91, Handle position, 224
Time, 2220771, Combination, 21/85/8, Handle position, 224
Time, 2222479, Combination, 21/85/16, Handle position, 224
Time, 2224513, Combination, 21/85/66, Handle position, 225
Time, 2227740, Combination, 21/82/91, Handle position, 224
Time, 2229554, Combination, 21/82/8, Handle position, 225
Time, 2231254, Combination, 21/82/16, Handle position, 225
Time, 2233282, Combination, 21/82/66, Handle position, 224
Time, 2236558, Combination, 21/79/91, Handle position, 225
Time, 2238369, Combination, 21/79/8, Handle position, 225
Time, 2240081, Combination, 21/79/16, Handle position, 224
Time, 2242110, Combination, 21/79/66, Handle position, 225
Time, 2245407, Combination, 21/76/91, Handle position, 225
Time, 2247219, Combination, 21/76/8, Handle position, 225
Time, 2248925, Combination, 21/76/16, Handle position, 225
Time, 2250954, Combination, 21/76/66, Handle position, 223
Time, 2254290, Combination, 21/73/91, Handle position, 225
Time, 2256099, Combination, 21/73/8, Handle position, 224
Time, 2257805, Combination, 21/73/16, Handle position, 225
Time, 2259835, Combination, 21/73/66, Handle position, 223
Time, 2263213, Combination, 21/70/91, Handle position, 225
Time, 2265021, Combination, 21/70/8, Handle position, 223
Time, 2266731, Combination, 21/70/16, Handle position, 225
Time, 2268762, Combination, 21/70/66, Handle position, 224
Time, 2272681, Combination, 21/67/91, Handle position, 224
Time, 2274486, Combination, 21/67/8, Handle position, 224
Time, 2276192, Combination, 21/67/16, Handle position, 223
Time, 2278226, Combination, 21/67/66, Handle position, 224
Time, 2281683, Combination, 21/64/66, Handle position, 224
Time, 2283550, Combination, 21/64/91, Handle position, 224
Time, 2285351, Combination, 21/64/8, Handle position, 225
Time, 2287054, Combination, 21/64/16, Handle position, 225
Time, 2289660, Combination, 21/61/66, Handle position, 224
Time, 2291525, Combination, 21/61/91, Handle position, 224
Time, 2293332, Combination, 21/61/8, Handle position, 223
Time, 2295044, Combination, 21/61/16, Handle position, 225
Time, 2297814, Combination, 21/58/66, Handle position, 224
Time, 2299681, Combination, 21/58/91, Handle position, 224
Time, 2301491, Combination, 21/58/8, Handle position, 222
Time, 2303195, Combination, 21/58/16, Handle position, 223
Time, 2306093, Combination, 21/55/66, Handle position, 224
Time, 2307948, Combination, 21/55/91, Handle position, 226
Time, 2309760, Combination, 21/55/8, Handle position, 224
Time, 2311473, Combination, 21/55/16, Handle position, 222
Time, 2314346, Combination, 21/52/66, Handle position, 224
Time, 2316201, Combination, 21/52/91, Handle position, 224
Time, 2318002, Combination, 21/52/8, Handle position, 224
Time, 2319706, Combination, 21/52/16, Handle position, 226
Time, 2322610, Combination, 21/49/66, Handle position, 223
Time, 2324458, Combination, 21/49/91, Handle position, 225
Time, 2326261, Combination, 21/49/8, Handle position, 224
Time, 2327970, Combination, 21/49/16, Handle position, 224
Time, 2330925, Combination, 21/46/66, Handle position, 223
Time, 2332781, Combination, 21/46/91, Handle position, 225
Time, 2334581, Combination, 21/46/8, Handle position, 224
Time, 2336292, Combination, 21/46/16, Handle position, 224
Time, 2339303, Combination, 21/43/66, Handle position, 223
Time, 2341155, Combination, 21/43/91, Handle position, 225
Time, 2342958, Combination, 21/43/8, Handle position, 222
Time, 2344668, Combination, 21/43/16, Handle position, 224
Time, 2347732, Combination, 21/40/66, Handle position, 226
Time, 2349584, Combination, 21/40/91, Handle position, 224
Time, 2351397, Combination, 21/40/8, Handle position, 223
Time, 2353107, Combination, 21/40/16, Handle position, 227
Time, 2356304, Combination, 21/37/66, Handle position, 222
Time, 2358138, Combination, 21/37/91, Handle position, 224
Time, 2359938, Combination, 21/37/8, Handle position, 225
Time, 2361641, Combination, 21/37/16, Handle position, 224
Time, 2364831, Combination, 21/34/66, Handle position, 224
Time, 2366674, Combination, 21/34/91, Handle position, 223
Time, 2368474, Combination, 21/34/8, Handle position, 224
Time, 2370177, Combination, 21/34/16, Handle position, 224
Time, 2373538, Combination, 21/31/66, Handle position, 224
Time, 2375386, Combination, 21/31/91, Handle position, 225
Time, 2377177, Combination, 21/31/8, Handle position, 223
Time, 2378881, Combination, 21/31/16, Handle position, 224
Time, 2382320, Combination, 21/28/66, Handle position, 223
Time, 2384160, Combination, 21/28/91, Handle position, 224
Time, 2385953, Combination, 21/28/8, Handle position, 223
Time, 2387658, Combination, 21/28/16, Handle position, 224
Time, 2391079, Combination, 21/25/66, Handle position, 224
Time, 2392920, Combination, 21/25/91, Handle position, 224
Time, 2394810, Combination, 21/25/8, Handle position, 223
Time, 2396521, Combination, 21/25/16, Handle position, 225
Time, 2400030, Combination, 21/22/66, Handle position, 223
Time, 2401880, Combination, 21/22/91, Handle position, 224
Time, 2403674, Combination, 21/22/8, Handle position, 223
Time, 2405380, Combination, 21/22/16, Handle position, 224
Resetting dial...
DiscA is at: 24
DiscB is at: 21
DiscC is at: 66
Time, 2417146, Combination, 24/21/66, Handle position, 234
Time, 2419006, Combination, 24/21/91, Handle position, 236
Time, 2420815, Combination, 24/21/8, Handle position, 236
Time, 2422516, Combination, 24/21/16, Handle position, 236
Time, 2426702, Combination, 24/18/66, Handle position, 236
Time, 2428563, Combination, 24/18/91, Handle position, 237
Time, 2430371, Combination, 24/18/8, Handle position, 236
Time, 2432072, Combination, 24/18/16, Handle position, 236
Time, 2435618, Combination, 24/15/16, Handle position, 235
Time, 2437649, Combination, 24/15/66, Handle position, 235
Time, 2439513, Combination, 24/15/91, Handle position, 235
Time, 2441315, Combination, 24/15/8, Handle position, 236
Time, 2444397, Combination, 24/12/16, Handle position, 235
Time, 2446429, Combination, 24/12/66, Handle position, 236
Time, 2448284, Combination, 24/12/91, Handle position, 233
Time, 2450085, Combination, 24/12/8, Handle position, 235
Time, 2453951, Combination, 24/9/16, Handle position, 234
Time, 2455988, Combination, 24/9/66, Handle position, 234
Time, 2457845, Combination, 24/9/91, Handle position, 235
Time, 2459661, Combination, 24/9/8, Handle position, 236
Time, 2463293, Combination, 24/6/8, Handle position, 235
Time, 2465004, Combination, 24/6/16, Handle position, 234
Time, 2467038, Combination, 24/6/66, Handle position, 234
Time, 2468897, Combination, 24/6/91, Handle position, 226
Time, 2471975, Combination, 24/3/8, Handle position, 235
Time, 2473692, Combination, 24/3/16, Handle position, 235
Time, 2475727, Combination, 24/3/66, Handle position, 235
Time, 2477590, Combination, 24/3/91, Handle position, 228
Time, 2480869, Combination, 24/0/8, Handle position, 237
Time, 2482579, Combination, 24/0/16, Handle position, 238
Time, 2484617, Combination, 24/0/66, Handle position, 268
Door is open!!!
Pausing
Safe Cracker

Combo to start at: 0/97/0
Menu:
1) Go home and reset dial
2) Test dial control
3) Measure indents
4) Calibrate handle servo
5) Set starting combos
6) Set indents to test
s) Start cracking
Enter Combination A to start at: 24
Enter Combination B to start at: 6
Enter Combination C to start at: 0

Combo to start at: 24/6/0
Menu:
1) Go home and reset dial
2) Test dial control
3) Measure indents
4) Calibrate handle servo
5) Set starting combos
6) Set indents to test
s) Start cracking
Indents to test:
0: Test
1: Test
2: Test
3: Test
4: Test
5: Test
6: Test
7: Test
8: Test
9: Test
10: Test
11: Test
Which indent to change?
Type 99 to exit
Indents to test:
0: -
1: Test
2: Test
3: Test
4: Test
5: Test
6: Test
7: Test
8: Test
9: Test
10: Test
11: Test
Which indent to change?
Type 99 to exit
Indents to test:
0: -
1: Test
2: Test
3: -
4: Test
5: Test
6: Test
7: Test
8: Test
9: Test
10: Test
11: Test
Which indent to change?
Type 99 to exit
Indents to test:
0: -
1: Test
2: Test
3: -
4: -
5: Test
6: Test
7: Test
8: Test
9: Test
10: Test
11: Test
Which indent to change?
Type 99 to exit
Indents to test:
0: -
1: Test
2: Test
3: -
4: -
5: -
6: Test
7: Test
8: Test
9: Test
10: Test
11: Test
Which indent to change?
Type 99 to exit
Indents to test:
0: -
1: Test
2: Test
3: -
4: -
5: -
6: -
7: Test
8: Test
9: Test
10: Test
11: Test
Which indent to change?
Type 99 to exit
Indents to test:
0: -
1: Test
2: Test
3: -
4: -
5: -
6: -
7: -
8: Test
9: Test
10: Test
11: Test
Which indent to change?
Type 99 to exit
Indents to test:
0: -
1: Test
2: Test
3: -
4: -
5: -
6: -
7: -
8: Test
9: -
10: Test
11: Test
Which indent to change?
Type 99 to exit
Indents to test:
0: -
1: Test
2: Test
3: -
4: -
5: -
6: -
7: -
8: Test
9: -
10: -
11: Test
Which indent to change?
Type 99 to exit

Combo to start at: 24/6/0
Menu:
1) Go home and reset dial
2) Test dial control
3) Measure indents
4) Calibrate handle servo
5) Set starting combos
6) Set indents to test
s) Start cracking
DiscA is at: 24
DiscB is at: 6
DiscC is at: 0
Time, 104453, Combination, 24/6/8, Handle position, 225
Time, 106106, Combination, 24/6/16, Handle position, 225
Time, 108154, Combination, 24/6/66, Handle position, 224
Time, 109977, Combination, 24/6/91, Handle position, 226
Time, 112925, Combination, 24/3/8, Handle position, 225
Time, 114551, Combination, 24/3/16, Handle position, 225
Time, 116554, Combination, 24/3/66, Handle position, 226
Time, 118325, Combination, 24/3/91, Handle position, 225
Time, 121452, Combination, 24/0/8, Handle position, 225
Time, 123083, Combination, 24/0/16, Handle position, 225
Time, 125089, Combination, 24/0/66, Handle position, 224
Time, 126863, Combination, 24/0/91, Handle position, 225
Time, 130111, Combination, 24/97/8, Handle position, 226
Time, 131742, Combination, 24/97/16, Handle position, 225
Time, 133747, Combination, 24/97/66, Handle position, 225
Time, 135519, Combination, 24/97/91, Handle position, 225
Time, 138770, Combination, 24/94/8, Handle position, 223
Time, 140402, Combination, 24/94/16, Handle position, 225
Time, 142402, Combination, 24/94/66, Handle position, 225
Time, 144171, Combination, 24/94/91, Handle position, 224
Time, 147945, Combination, 24/91/8, Handle position, 225
Time, 149576, Combination, 24/91/16, Handle position, 224
Time, 151655, Combination, 24/91/66, Handle position, 227
Time, 153440, Combination, 24/91/91, Handle position, 226
Pausing
Running
Time, 171879, Combination, 24/88/91, Handle position, 225
Cracking stopped

Combo to start at: 24/88/91
Menu:
1) Go home and reset dial
2) Test dial control
3) Measure indents
4) Calibrate handle servo
5) Set starting combos
6) Set indents to test
s) Start cracking
Enter Combination A to start at: 24
Enter Combination B to start at: 6
Enter Combination C to start at: 0

Combo to start at: 24/6/0
Menu:
1) Go home and reset dial
2) Test dial control
3) Measure indents
4) Calibrate handle servo
5) Set starting combos
6) Set indents to test
s) Start cracking
Indents to test:
0: -
1: Test
2: Test
3: -
4: -
5: -
6: -
7: -
8: Test
9: -
10: -
11: Test
Which indent to change?
Type 99 to exit

Combo to start at: 24/6/0
Menu:
1) Go home and reset dial
2) Test dial control
3) Measure indents
4) Calibrate handle servo
5) Set starting combos
6) Set indents to test
s) Start cracking
DiscA is at: 24
DiscB is at: 6
DiscC is at: 0
Time, 204103, Combination, 24/6/8, Handle position, 226
Time, 205757, Combination, 24/6/16, Handle position, 225
Time, 207805, Combination, 24/6/66, Handle position, 224
Time, 209635, Combination, 24/6/91, Handle position, 224
Time, 212575, Combination, 24/3/8, Handle position, 224
Time, 214202, Combination, 24/3/16, Handle position, 226
Time, 216204, Combination, 24/3/66, Handle position, 225
Time, 217978, Combination, 24/3/91, Handle position, 225
Time, 221112, Combination, 24/0/8, Handle position, 225
Time, 222742, Combination, 24/0/16, Handle position, 226
Time, 224744, Combination, 24/0/66, Handle position, 225
Time, 226519, Combination, 24/0/91, Handle position, 224
Time, 229778, Combination, 24/97/8, Handle position, 224
Time, 231409, Combination, 24/97/16, Handle position, 225
Time, 233407, Combination, 24/97/66, Handle position, 224
Time, 235176, Combination, 24/97/91, Handle position, 224
Time, 238434, Combination, 24/94/8, Handle position, 225
Pausing
Running
Time, 240065, Combination, 24/94/16, Handle position, 225
Time, 242064, Combination, 24/94/66, Handle position, 225
Pausing
Safe Cracker

Combo to start at: 0/97/0
Menu:
1) Go home and reset dial
2) Test dial control
3) Measure indents
4) Calibrate handle servo
5) Set starting combos
6) Set indents to test
s) Start cracking

Combo to start at: 0/97/0
Menu:
1) Go home and reset dial
2) Test dial control
3) Measure indents
4) Calibrate handle servo
5) Set starting combos
6) Set indents to test
s) Start cracking
Indents to test:
0: Test
1: Test
2: Test
3: Test
4: Test
5: Test
6: Test
7: Test
8: Test
9: Test
10: Test
11: Test
Which indent to change?
Type 99 to exit
Indents to test:
0: -
1: Test
2: Test
3: Test
4: Test
5: Test
6: Test
7: Test
8: Test
9: Test
10: Test
11: Test
Which indent to change?
Type 99 to exit
Indents to test:
0: -
1: Test
2: -
3: Test
4: Test
5: Test
6: Test
7: Test
8: Test
9: Test
10: Test
11: Test
Which indent to change?
Type 99 to exit
Indents to test:
0: -
1: Test
2: Test
3: Test
4: Test
5: Test
6: Test
7: Test
8: Test
9: Test
10: Test
11: Test
Which indent to change?
Type 99 to exit
Indents to test:
0: -
1: Test
2: Test
3: -
4: Test
5: Test
6: Test
7: Test
8: Test
9: Test
10: Test
11: Test
Which indent to change?
Type 99 to exit
Indents to test:
0: -
1: Test
2: Test
3: -
4: -
5: Test
6: Test
7: Test
8: Test
9: Test
10: Test
11: Test
Which indent to change?
Type 99 to exit
Indents to test:
0: -
1: Test
2: Test
3: -
4: -
5: -
6: Test
7: Test
8: Test
9: Test
10: Test
11: Test
Which indent to change?
Type 99 to exit
Indents to test:
0: -
1: Test
2: Test
3: -
4: -
5: -
6: -
7: Test
8: Test
9: Test
10: Test
11: Test
Which indent to change?
Type 99 to exit
Indents to test:
0: -
1: Test
2: Test
3: -
4: -
5: -
6: -
7: -
8: Test
9: Test
10: Test
11: Test
Which indent to change?
Type 99 to exit
Indents to test:
0: -
1: Test
2: Test
3: -
4: -
5: -
6: -
7: -
8: Test
9: -
10: Test
11: Test
Which indent to change?
Type 99 to exit
Indents to test:
0: -
1: Test
2: Test
3: -
4: -
5: -
6: -
7: -
8: Test
9: -
10: -
11: Test
Which indent to change?
Type 99 to exit

Combo to start at: 0/97/0
Menu:
1) Go home and reset dial
2) Test dial control
3) Measure indents
4) Calibrate handle servo
5) Set starting combos
6) Set indents to test
s) Start cracking
Enter Combination A to start at: 24
Enter Combination B to start at: 9
Enter Combination C to start at: 0

Combo to start at: 24/9/0
Menu:
1) Go home and reset dial
2) Test dial control
3) Measure indents
4) Calibrate handle servo
5) Set starting combos
6) Set indents to test
s) Start cracking
DiscA is at: 24
DiscB is at: 9
DiscC is at: 0
Time, 111859, Combination, 24/9/8, Handle position, 223
Time, 113457, Combination, 24/9/16, Handle position, 224
Time, 115568, Combination, 24/9/66, Handle position, 223
Time, 117382, Combination, 24/9/91, Handle position, 224
Time, 120111, Combination, 24/6/8, Handle position, 223
Time, 121683, Combination, 24/6/16, Handle position, 222
Time, 123741, Combination, 24/6/66, Handle position, 223
Time, 125514, Combination, 24/6/91, Handle position, 222
Time, 128407, Combination, 24/3/8, Handle position, 223
Time, 129984, Combination, 24/3/16, Handle position, 223
Time, 132036, Combination, 24/3/66, Handle position, 222
Time, 133810, Combination, 24/3/91, Handle position, 221
Time, 136861, Combination, 24/0/8, Handle position, 224
Time, 138437, Combination, 24/0/16, Handle position, 222
Time, 140489, Combination, 24/0/66, Handle position, 222
Time, 142263, Combination, 24/0/91, Handle position, 222
Time, 145423, Combination, 24/97/8, Handle position, 223
Time, 146998, Combination, 24/97/16, Handle position, 223
Safe Cracker

Combo to start at: 0/97/0
Menu:
1) Go home and reset dial
2) Test dial control
3) Measure indents
4) Calibrate handle servo
5) Set starting combos
6) Set indents to test
s) Start cracking
Enter Combination A to start at: 21
Enter Combination B to start at: 25
Enter Combination C to start at: 0

Combo to start at: 21/25/0
Menu:
1) Go home and reset dial
2) Test dial control
3) Measure indents
4) Calibrate handle servo
5) Set starting combos
6) Set indents to test
s) Start cracking
Indents to test:
0: Test
1: Test
2: Test
3: Test
4: Test
5: Test
6: Test
7: Test
8: Test
9: Test
10: Test
11: Test
Which indent to change?
Type 99 to exit
Indents to test:
0: -
1: Test
2: Test
3: Test
4: Test
5: Test
6: Test
7: Test
8: Test
9: Test
10: Test
11: Test
Which indent to change?
Type 99 to exit
Indents to test:
0: -
1: Test
2: Test
3: -
4: Test
5: Test
6: Test
7: Test
8: Test
9: Test
10: Test
11: Test
Which indent to change?
Type 99 to exit
Indents to test:
0: -
1: Test
2: Test
3: -
4: -
5: Test
6: Test
7: Test
8: Test
9: Test
10: Test
11: Test
Which indent to change?
Type 99 to exit
Indents to test:
0: -
1: Test
2: Test
3: -
4: -
5: -
6: Test
7: Test
8: Test
9: Test
10: Test
11: Test
Which indent to change?
Type 99 to exit
Indents to test:
0: -
1: Test
2: Test
3: -
4: -
5: -
6: -
7: Test
8: Test
9: Test
10: Test
11: Test
Which indent to change?
Type 99 to exit
Indents to test:
0: -
1: Test
2: Test
3: -
4: -
5: -
6: -
7: -
8: Test
9: Test
10: Test
11: Test
Which indent to change?
Type 99 to exit
Indents to test:
0: -
1: Test
2: Test
3: -
4: -
5: -
6: -
7: -
8: Test
9: -
10: Test
11: Test
Which indent to change?
Type 99 to exit
Indents to test:
0: -
1: Test
2: Test
3: -
4: -
5: -
6: -
7: -
8: Test
9: -
10: -
11: Test
Which indent to change?
Type 99 to exit

Combo to start at: 21/25/0
Menu:
1) Go home and reset dial
2) Test dial control
3) Measure indents
4) Calibrate handle servo
5) Set starting combos
6) Set indents to test
s) Start cracking
DiscA is at: 21
DiscB is at: 25
DiscC is at: 0
Time, 124169, Combination, 21/25/8, Handle position, 225
Time, 125745, Combination, 21/25/16, Handle position, 224
Time, 127812, Combination, 21/25/66, Handle position, 222
Time, 129611, Combination, 21/25/91, Handle position, 224
Time, 132808, Combination, 21/22/66, Handle position, 224
Time, 134581, Combination, 21/22/91, Handle position, 224
Time, 136294, Combination, 21/22/8, Handle position, 223
Time, 137887, Combination, 21/22/16, Handle position, 224
Resetting dial...
DiscA is at: 24
DiscB is at: 24
DiscC is at: 66
Time, 148959, Combination, 24/21/66, Handle position, 223
Time, 150729, Combination, 24/21/91, Handle position, 223
Time, 152417, Combination, 24/21/8, Handle position, 224
Time, 153989, Combination, 24/21/16, Handle position, 225
Time, 157997, Combination, 24/18/66, Handle position, 224
Time, 159769, Combination, 24/18/91, Handle position, 225
Time, 161459, Combination, 24/18/8, Handle position, 223
Time, 163035, Combination, 24/18/16, Handle position, 224
Time, 166353, Combination, 24/15/16, Handle position, 225
Time, 168391, Combination, 24/15/66, Handle position, 222
Time, 170167, Combination, 24/15/91, Handle position, 223
Time, 171855, Combination, 24/15/8, Handle position, 224
Time, 174776, Combination, 24/12/16, Handle position, 226
Time, 176817, Combination, 24/12/66, Handle position, 223
Time, 178590, Combination, 24/12/91, Handle position, 223
Time, 180279, Combination, 24/12/8, Handle position, 224
Time, 183848, Combination, 24/9/16, Handle position, 224
Time, 185889, Combination, 24/9/66, Handle position, 221
Time, 187663, Combination, 24/9/91, Handle position, 223
Time, 189358, Combination, 24/9/8, Handle position, 223
Time, 192742, Combination, 24/6/8, Handle position, 224
Time, 194318, Combination, 24/6/16, Handle position, 223
Time, 196357, Combination, 24/6/66, Handle position, 222
Time, 198133, Combination, 24/6/91, Handle position, 222
Time, 201018, Combination, 24/3/8, Handle position, 223
Time, 202594, Combination, 24/3/16, Handle position, 223
Time, 204637, Combination, 24/3/66, Handle position, 222
Time, 206411, Combination, 24/3/91, Handle position, 223
Time, 209225, Combination, 24/0/8, Handle position, 223
Time, 210798, Combination, 24/0/16, Handle position, 223
Time, 212840, Combination, 24/0/66, Handle position, 221
Time, 214618, Combination, 24/0/91, Handle position, 223
Time, 217797, Combination, 24/97/8, Handle position, 223
Time, 219372, Combination, 24/97/16, Handle position, 223
Time, 221497, Combination, 24/97/66, Handle position, 222
Time, 223273, Combination, 24/97/91, Handle position, 223
Time, 226437, Combination, 24/94/8, Handle position, 222
Time, 228009, Combination, 24/94/16, Handle position, 224
Pausing
Running
Time, 231339, Combination, 24/94/66, Handle position, 222
Cracking stopped

Combo to start at: 24/94/66
Menu:
1) Go home and reset dial
2) Test dial control
3) Measure indents
4) Calibrate handle servo
5) Set starting combos
6) Set indents to test
s) Start cracking
How many measurements would you like to take? (Start with 1)1
Test 1 of 1. [Width]/[Depth]
0: [386] / [200]
1: [0] / [0]
2: [0] / [0]
3: [0] / [0]
4: [0] / [0]
5: [0] / [0]
6: [0] / [0]
7: [0] / [0]
8: [0] / [0]
9: [0] / [0]
10: [0] / [0]
11: [0] / [0]
Test 1 of 1. [Width]/[Depth]
0: [386] / [200]
1: [393] / [218]
2: [0] / [0]
3: [0] / [0]
4: [0] / [0]
5: [0] / [0]
6: [0] / [0]
7: [0] / [0]
8: [0] / [0]
9: [0] / [0]
10: [0] / [0]
11: [0] / [0]
Test 1 of 1. [Width]/[Depth]
0: [386] / [200]
1: [393] / [218]
2: [385] / [200]
3: [0] / [0]
4: [0] / [0]
5: [0] / [0]
6: [0] / [0]
7: [0] / [0]
8: [0] / [0]
9: [0] / [0]
10: [0] / [0]
11: [0] / [0]
Test 1 of 1. [Width]/[Depth]
0: [386] / [200]
1: [393] / [218]
2: [385] / [200]
3: [400] / [219]
4: [0] / [0]
5: [0] / [0]
6: [0] / [0]
7: [0] / [0]
8: [0] / [0]
9: [0] / [0]
10: [0] / [0]
11: [0] / [0]
Test 1 of 1. [Width]/[Depth]
0: [386] / [200]
1: [393] / [218]
2: [385] / [200]
3: [400] / [219]
4: [377] / [217]
5: [0] / [0]
6: [0] / [0]
7: [0] / [0]
8: [0] / [0]
9: [0] / [0]
10: [0] / [0]
11: [0] / [0]
Test 1 of 1. [Width]/[Depth]
0: [386] / [200]
1: [393] / [218]
2: [385] / [200]
3: [400] / [219]
4: [377] / [217]
5: [384] / [217]
6: [0] / [0]
7: [0] / [0]
8: [0] / [0]
9: [0] / [0]
10: [0] / [0]
11: [0] / [0]
Test 1 of 1. [Width]/[Depth]
0: [386] / [200]
1: [393] / [218]
2: [385] / [200]
3: [400] / [219]
4: [377] / [217]
5: [384] / [217]
6: [377] / [217]
7: [0] / [0]
8: [0] / [0]
9: [0] / [0]
10: [0] / [0]
11: [0] / [0]
Test 1 of 1. [Width]/[Depth]
0: [386] / [200]
1: [393] / [218]
2: [385] / [200]
3: [400] / [219]
4: [377] / [217]
5: [384] / [217]
6: [377] / [217]
7: [372] / [200]
8: [0] / [0]
9: [0] / [0]
10: [0] / [0]
11: [0] / [0]
Test 1 of 1. [Width]/[Depth]
0: [386] / [200]
1: [393] / [218]
2: [385] / [200]
3: [400] / [219]
4: [377] / [217]
5: [384] / [217]
6: [377] / [217]
7: [372] / [200]
8: [375] / [216]
9: [0] / [0]
10: [0] / [0]
11: [0] / [0]
Test 1 of 1. [Width]/[Depth]
0: [386] / [200]
1: [393] / [218]
2: [385] / [200]
3: [400] / [219]
4: [377] / [217]
5: [384] / [217]
6: [377] / [217]
7: [372] / [200]
8: [375] / [216]
9: [392] / [201]
10: [0] / [0]
11: [0] / [0]
Test 1 of 1. [Width]/[Depth]
0: [386] / [200]
1: [393] / [218]
2: [385] / [200]
3: [400] / [219]
4: [377] / [217]
5: [384] / [217]
6: [377] / [217]
7: [372] / [200]
8: [375] / [216]
9: [392] / [201]
10: [394] / [201]
11: [0] / [0]
Test 1 of 1. [Width]/[Depth]
0: [386] / [200]
1: [393] / [218]
2: [385] / [200]
3: [400] / [219]
4: [377] / [217]
5: [384] / [217]
6: [377] / [217]
7: [372] / [200]
8: [375] / [216]
9: [392] / [201]
10: [394] / [201]
11: [383] / [201]

Measuring complete
Smallest to largest width [Width]/[Depth]
Indent 7: [372] / [200]
Indent 8: [375] / [216]
Indent 4: [377] / [217]
Indent 6: [377] / [217]
Indent 11: [383] / [201]
Indent 5: [384] / [217]
Indent 2: [385] / [200]
Indent 0: [386] / [200]
Indent 9: [392] / [201]
Indent 1: [393] / [218]
Indent 10: [394] / [201]
Indent 3: [400] / [219]
Press key to continue

Combo to start at: 24/94/66
Menu:
1) Go home and reset dial
2) Test dial control
3) Measure indents
4) Calibrate handle servo
5) Set starting combos
6) Set indents to test
s) Start cracking
Indents to test:
0: -
1: Test
2: Test
3: -
4: -
5: -
6: -
7: -
8: Test
9: -
10: -
11: Test
Which indent to change?
Type 99 to exit

Combo to start at: 24/94/66
Menu:
1) Go home and reset dial
2) Test dial control
3) Measure indents
4) Calibrate handle servo
5) Set starting combos
6) Set indents to test
s) Start cracking
Should be at: 0

Combo to start at: 24/94/66
Menu:
1) Go home and reset dial
2) Test dial control
3) Measure indents
4) Calibrate handle servo
5) Set starting combos
6) Set indents to test
s) Start cracking
Enter Combination A to start at: 21
Enter Combination B to start at: 25
Enter Combination C to start at: 0

Combo to start at: 21/25/0
Menu:
1) Go home and reset dial
2) Test dial control
3) Measure indents
4) Calibrate handle servo
5) Set starting combos
6) Set indents to test
s) Start cracking
DiscA is at: 21
DiscB is at: 25
DiscC is at: 0
Time, 332664, Combination, 21/25/8, Handle position, 225
Time, 334242, Combination, 21/25/16, Handle position, 224
Time, 336263, Combination, 21/25/66, Handle position, 224
Time, 338043, Combination, 21/25/91, Handle position, 225
Time, 341165, Combination, 21/22/66, Handle position, 225
Time, 342916, Combination, 21/22/91, Handle position, 225
Time, 344633, Combination, 21/22/8, Handle position, 225
Time, 346231, Combination, 21/22/16, Handle position, 225
Resetting dial...
DiscA is at: 24
DiscB is at: 21
DiscC is at: 66
Time, 357358, Combination, 24/21/66, Handle position, 225
Time, 359108, Combination, 24/21/91, Handle position, 226
Time, 360796, Combination, 24/21/8, Handle position, 226
Time, 362375, Combination, 24/21/16, Handle position, 225
Time, 366299, Combination, 24/18/66, Handle position, 225
Time, 368048, Combination, 24/18/91, Handle position, 224
Time, 369734, Combination, 24/18/8, Handle position, 226
Time, 371312, Combination, 24/18/16, Handle position, 225
Time, 375667, Combination, 24/15/16, Handle position, 224
Time, 377719, Combination, 24/15/66, Handle position, 224
Time, 379509, Combination, 24/15/91, Handle position, 224
Time, 381248, Combination, 24/15/8, Handle position, 225
Time, 383900, Combination, 24/12/16, Handle position, 224
Time, 385967, Combination, 24/12/66, Handle position, 224
Time, 387718, Combination, 24/12/91, Handle position, 222
Time, 389407, Combination, 24/12/8, Handle position, 224
Time, 392954, Combination, 24/9/16, Handle position, 225
Time, 394946, Combination, 24/9/66, Handle position, 223
Time, 396697, Combination, 24/9/91, Handle position, 223
Time, 398395, Combination, 24/9/8, Handle position, 224
Time, 401761, Combination, 24/6/8, Handle position, 224
Time, 403341, Combination, 24/6/16, Handle position, 224
Time, 405335, Combination, 24/6/66, Handle position, 224
Time, 407087, Combination, 24/6/91, Handle position, 223
Time, 409966, Combination, 24/3/8, Handle position, 225
Time, 411547, Combination, 24/3/16, Handle position, 223
Time, 413541, Combination, 24/3/66, Handle position, 223
Time, 415397, Combination, 24/3/91, Handle position, 223
Time, 418435, Combination, 24/0/8, Handle position, 222
Time, 420017, Combination, 24/0/16, Handle position, 226
Time, 422088, Combination, 24/0/66, Handle position, 224
Time, 423836, Combination, 24/0/91, Handle position, 226
Time, 426991, Combination, 24/97/8, Handle position, 224
Time, 428574, Combination, 24/97/16, Handle position, 224
Time, 430566, Combination, 24/97/66, Handle position, 223
Time, 432317, Combination, 24/97/91, Handle position, 223
Time, 435461, Combination, 24/94/8, Handle position, 224
Time, 437042, Combination, 24/94/16, Handle position, 224
Time, 439034, Combination, 24/94/66, Handle position, 223
Cracking stopped

Combo to start at: 24/94/66
Menu:
1) Go home and reset dial
2) Test dial control
3) Measure indents
4) Calibrate handle servo
5) Set starting combos
6) Set indents to test
s) Start cracking
